2016-04-22 15:18:38 INFO Success: Added Snippet to DB (File: /lib/crud/snippets.crud.php)
2016-04-22 15:43:19 INFO Success: Added Report to DB (File: /lib/crud/compliancereports.crud.php)
2016-04-22 15:43:31 INFO Success: Edited Report sagsadgasdgafgd to DB (File: /lib/crud/compliancereports.crud.php)
2016-04-22 16:27:21 INFO Success: Added Policy Element to DB (File: /lib/crud/compliancepolicyelements.crud.php)
2016-04-22 16:27:26 INFO Success: Edited Policy Element ascasc to DB (File: /lib/crud/compliancepolicyelements.crud.php)
2016-04-22 16:27:29 INFO Success: Deleted Policy Element in DB (File: /lib/crud/compliancepolicyelements.crud.php)
2016-04-22 19:34:42 INFO Success: Added Policy to DB (File: /lib/crud/compliancepolicies.crud.php)
2016-04-22 19:34:49 INFO Success: Edited Policy adsasdasdasd to DB (File: /lib/crud/compliancepolicies.crud.php)
2016-04-22 19:34:59 INFO Success: Deleted Policy in DB (File: /lib/crud/compliancepolicies.crud.php)
2016-04-23 07:28:58 INFO Success: Deleted user of ID: 2 in DB (File: /lib/crud/userAdmin.crud.php)
2016-04-23 08:45:50 FATAL Error: Task ID not Set - unable to run script (File: lib/compareReportScript.php)
2016-04-23 08:51:46 FATAL Error: Task ID not Set - unable to run script (File: /test.php)
2016-04-23 08:51:53 FATAL Error: Task ID not Set - unable to run script (File: /test.php)
2016-04-23 08:52:19 FATAL Error: Task ID not Set - unable to run script (File: /test.php)
2016-04-23 08:52:37 FATAL Error: Task ID not Set - unable to run script (File: /test.php)
2016-04-23 08:52:38 FATAL Error: Task ID not Set - unable to run script (File: /test.php)
2016-04-23 08:53:15 FATAL Error: Task ID not Set - unable to run script (File: /test.php)
2016-04-23 08:53:16 FATAL Error: Task ID not Set - unable to run script (File: /test.php)
2016-04-23 08:54:01 FATAL Error: Task ID not Set - unable to run script (File: /test.php)
2016-04-23 08:54:08 FATAL Error: Task ID not Set - unable to run script (File: /test.php)
2016-04-23 09:08:32 FATAL Error: Task ID not Set - unable to run script (File: lib/compareStartRunReport.php)
2016-04-23 10:03:32 INFO The lib/configDeployScript.php script was run from a manual invocation on a shell with Task ID:113928
2016-04-23 10:04:45 INFO The lib/configDeployScript.php script was run from a manual invocation on a shell with Task ID:113928
2016-04-23 10:08:34 FATAL Error: Task ID not Set - unable to run script (File: lib/compareReportScript.php)
2016-04-23 10:08:41 FATAL Error: Task ID not Set - unable to run script (File: lib/compareReportScript.php)
2016-04-23 10:54:58 FATAL Error: Task ID not Set - unable to run script (File: lib/compareReportScript.php)
2016-04-23 10:55:35 FATAL Error: Task ID not Set - unable to run script (File: lib/compareReportScript.php)
2016-04-23 10:55:35 FATAL Error: Task ID not Set - unable to run script (File: lib/compareReportScript.php)
2016-04-23 10:55:55 FATAL Error: Task ID not Set - unable to run script (File: lib/compareReportScript.php)
2016-04-23 10:58:00 FATAL Error: Task ID not Set - unable to run script (File: lib/compareReportScript.php)
2016-04-23 10:58:05 FATAL Error: Task ID not Set - unable to run script (File: lib/compareReportScript.php)
2016-04-23 10:58:19 FATAL Error: Task ID not Set - unable to run script (File: lib/compareReportScript.php)
2016-04-23 10:58:56 FATAL Error: Task ID not Set - unable to run script (File: lib/compareReportScript.php)
2016-04-23 11:17:46 FATAL Error: Task ID not Set - unable to run script (File: lib/configCategoryScript.php)
2016-04-23 11:18:04 FATAL Error: Task ID not Set - unable to run script (File: lib/configCategoryScript.php)
2016-04-23 11:18:24 FATAL Error: Task ID not Set - unable to run script (File: lib/configCategoryScript.php)
2016-04-23 13:15:45 INFO Info: rConfig Report - Download Configs 2 Email Report sent to :stephenstack@gmail.com (stephenstack&#64;gmail.com)
