2016-05-15 01:00:03 CONN Success: Connected via SSH to headend.lab.Rconfig.com (20.0.0.2) for command (show startup-config) for taskID 709001 - in (File: /home/rconfig/lib/showCmdScript.php)
2016-05-15 01:00:03 CONN Success: Show Command 'show startup-config' for device 'headend.lab.Rconfig.com' successful (File: /home/rconfig/lib/showCmdScript.php)
2016-05-15 01:00:04 CONN Success: Connected via SSH to headend.lab.Rconfig.com (20.0.0.2) for command (show cdp neigh) for taskID 709001 - in (File: /home/rconfig/lib/showCmdScript.php)
2016-05-15 01:00:04 CONN Success: Show Command 'show cdp neigh' for device 'headend.lab.Rconfig.com' successful (File: /home/rconfig/lib/showCmdScript.php)
2016-05-15 01:00:04 CONN Failure: Unable to connect via SSH to headend.lab.Rconfig.com - 20.0.0.2 for command (show ip access-list)  when running taskID 709001 - in  Error:(File: /home/rconfig/lib/showCmdScript.php)
2016-05-15 01:00:04 CONN Success: Show Command 'show ip access-list' for device 'headend.lab.Rconfig.com' successful (File: /home/rconfig/lib/showCmdScript.php)
2016-05-15 01:00:06 CONN Success: Connected via SSH to headend.lab.Rconfig.com (20.0.0.2) for command (show ip route) for taskID 709001 - in (File: /home/rconfig/lib/showCmdScript.php)
2016-05-15 01:00:06 CONN Success: Show Command 'show ip route' for device 'headend.lab.Rconfig.com' successful (File: /home/rconfig/lib/showCmdScript.php)
2016-05-15 01:00:07 CONN Success: Connected via SSH to headend.lab.Rconfig.com (20.0.0.2) for command (Show Ip BGP Neigh) for taskID 709001 - in (File: /home/rconfig/lib/showCmdScript.php)
2016-05-15 01:00:07 CONN Success: Show Command 'Show Ip BGP Neigh' for device 'headend.lab.Rconfig.com' successful (File: /home/rconfig/lib/showCmdScript.php)
2016-05-15 01:00:08 CONN Success: Connected via SSH to headend.lab.Rconfig.com (20.0.0.2) for command (show logg) for taskID 709001 - in (File: /home/rconfig/lib/showCmdScript.php)
2016-05-15 01:00:08 CONN Success: Show Command 'show logg' for device 'headend.lab.Rconfig.com' successful (File: /home/rconfig/lib/showCmdScript.php)
2016-05-15 01:00:16 CONN Success: Connected via SSH to headend.lab.Rconfig.com (20.0.0.2) for command (show run) for taskID 709001 - in (File: /home/rconfig/lib/showCmdScript.php)
2016-05-15 01:00:16 CONN Success: Show Command 'show run' for device 'headend.lab.Rconfig.com' successful (File: /home/rconfig/lib/showCmdScript.php)
2016-05-15 01:00:16 CONN Command or Prompt Empty - for function switch in  Success:(File: /home/rconfig/lib/showCmdScript.php)
2016-05-15 01:00:17 CONN Success: Connected via SSH to Site1GW.lab.Rconfig.com (192.168.101.2) for command (show startup-config) for taskID 709001 - in (File: /home/rconfig/lib/showCmdScript.php)
2016-05-15 01:00:17 CONN Success: Show Command 'show startup-config' for device 'Site1GW.lab.Rconfig.com' successful (File: /home/rconfig/lib/showCmdScript.php)
2016-05-15 01:00:19 CONN Success: Connected via SSH to Site1GW.lab.Rconfig.com (192.168.101.2) for command (show cdp neigh) for taskID 709001 - in (File: /home/rconfig/lib/showCmdScript.php)
2016-05-15 01:00:19 CONN Success: Show Command 'show cdp neigh' for device 'Site1GW.lab.Rconfig.com' successful (File: /home/rconfig/lib/showCmdScript.php)
2016-05-15 01:00:20 CONN Failure: Unable to connect via SSH to Site1GW.lab.Rconfig.com - 192.168.101.2 for command (show ip access-list)  when running taskID 709001 - in  Error:(File: /home/rconfig/lib/showCmdScript.php)
2016-05-15 01:00:20 CONN Success: Show Command 'show ip access-list' for device 'Site1GW.lab.Rconfig.com' successful (File: /home/rconfig/lib/showCmdScript.php)
2016-05-15 01:00:21 CONN Success: Connected via SSH to Site1GW.lab.Rconfig.com (192.168.101.2) for command (show ip route) for taskID 709001 - in (File: /home/rconfig/lib/showCmdScript.php)
2016-05-15 01:00:21 CONN Success: Show Command 'show ip route' for device 'Site1GW.lab.Rconfig.com' successful (File: /home/rconfig/lib/showCmdScript.php)
2016-05-15 01:00:23 CONN Success: Connected via SSH to Site1GW.lab.Rconfig.com (192.168.101.2) for command (Show Ip BGP Neigh) for taskID 709001 - in (File: /home/rconfig/lib/showCmdScript.php)
2016-05-15 01:00:23 CONN Success: Show Command 'Show Ip BGP Neigh' for device 'Site1GW.lab.Rconfig.com' successful (File: /home/rconfig/lib/showCmdScript.php)
2016-05-15 01:00:24 CONN Success: Connected via SSH to Site1GW.lab.Rconfig.com (192.168.101.2) for command (show logg) for taskID 709001 - in (File: /home/rconfig/lib/showCmdScript.php)
2016-05-15 01:00:24 CONN Success: Show Command 'show logg' for device 'Site1GW.lab.Rconfig.com' successful (File: /home/rconfig/lib/showCmdScript.php)
2016-05-15 01:00:28 CONN Success: Connected via SSH to Site1GW.lab.Rconfig.com (192.168.101.2) for command (show run) for taskID 709001 - in (File: /home/rconfig/lib/showCmdScript.php)
2016-05-15 01:00:28 CONN Success: Show Command 'show run' for device 'Site1GW.lab.Rconfig.com' successful (File: /home/rconfig/lib/showCmdScript.php)
2016-05-15 01:00:28 CONN Command or Prompt Empty - for function switch in  Success:(File: /home/rconfig/lib/showCmdScript.php)
2016-05-15 01:00:28 CONN Success: Connected to Site2GW.lab.Rconfig.com (192.168.101.6) for taskID 709001 - in (File: /home/rconfig/lib/showCmdScript.php)
2016-05-15 01:00:28 CONN Success: Show Command 'show startup-config' for device 'Site2GW.lab.Rconfig.com' successful (File: /home/rconfig/lib/showCmdScript.php)
2016-05-15 01:00:28 CONN Success: Show Command 'show cdp neigh' for device 'Site2GW.lab.Rconfig.com' successful (File: /home/rconfig/lib/showCmdScript.php)
2016-05-15 01:00:29 CONN Success: Show Command 'show ip access-list' for device 'Site2GW.lab.Rconfig.com' successful (File: /home/rconfig/lib/showCmdScript.php)
2016-05-15 01:00:29 CONN Success: Show Command 'show ip route' for device 'Site2GW.lab.Rconfig.com' successful (File: /home/rconfig/lib/showCmdScript.php)
2016-05-15 01:00:29 CONN Success: Show Command 'Show Ip BGP Neigh' for device 'Site2GW.lab.Rconfig.com' successful (File: /home/rconfig/lib/showCmdScript.php)
2016-05-15 01:00:29 CONN Success: Show Command 'show logg' for device 'Site2GW.lab.Rconfig.com' successful (File: /home/rconfig/lib/showCmdScript.php)
2016-05-15 01:00:32 CONN Success: Show Command 'show run' for device 'Site2GW.lab.Rconfig.com' successful (File: /home/rconfig/lib/showCmdScript.php)
2016-05-15 01:00:33 CONN Success: Connected to Site3GW.lab.Rconfig.com (192.168.101.10) for taskID 709001 - in (File: /home/rconfig/lib/showCmdScript.php)
2016-05-15 01:00:34 CONN Success: Show Command 'show startup-config' for device 'Site3GW.lab.Rconfig.com' successful (File: /home/rconfig/lib/showCmdScript.php)
2016-05-15 01:00:34 CONN Success: Show Command 'show cdp neigh' for device 'Site3GW.lab.Rconfig.com' successful (File: /home/rconfig/lib/showCmdScript.php)
2016-05-15 01:00:34 CONN Success: Show Command 'show ip access-list' for device 'Site3GW.lab.Rconfig.com' successful (File: /home/rconfig/lib/showCmdScript.php)
2016-05-15 01:00:34 CONN Success: Show Command 'show ip route' for device 'Site3GW.lab.Rconfig.com' successful (File: /home/rconfig/lib/showCmdScript.php)
2016-05-15 01:00:34 CONN Success: Show Command 'Show Ip BGP Neigh' for device 'Site3GW.lab.Rconfig.com' successful (File: /home/rconfig/lib/showCmdScript.php)
2016-05-15 01:00:35 CONN Success: Show Command 'show logg' for device 'Site3GW.lab.Rconfig.com' successful (File: /home/rconfig/lib/showCmdScript.php)
2016-05-15 01:00:37 CONN Success: Show Command 'show run' for device 'Site3GW.lab.Rconfig.com' successful (File: /home/rconfig/lib/showCmdScript.php)
2016-05-15 01:00:39 CONN Success: Connected to Site4GW.lab.Rconfig.com (192.168.101.14) for taskID 709001 - in (File: /home/rconfig/lib/showCmdScript.php)
2016-05-15 01:00:39 CONN Success: Show Command 'show startup-config' for device 'Site4GW.lab.Rconfig.com' successful (File: /home/rconfig/lib/showCmdScript.php)
2016-05-15 01:00:39 CONN Success: Show Command 'show cdp neigh' for device 'Site4GW.lab.Rconfig.com' successful (File: /home/rconfig/lib/showCmdScript.php)
2016-05-15 01:00:39 CONN Success: Show Command 'show ip access-list' for device 'Site4GW.lab.Rconfig.com' successful (File: /home/rconfig/lib/showCmdScript.php)
2016-05-15 01:00:40 CONN Success: Show Command 'show ip route' for device 'Site4GW.lab.Rconfig.com' successful (File: /home/rconfig/lib/showCmdScript.php)
2016-05-15 01:00:40 CONN Success: Show Command 'Show Ip BGP Neigh' for device 'Site4GW.lab.Rconfig.com' successful (File: /home/rconfig/lib/showCmdScript.php)
2016-05-15 01:00:40 CONN Success: Show Command 'show logg' for device 'Site4GW.lab.Rconfig.com' successful (File: /home/rconfig/lib/showCmdScript.php)
2016-05-15 01:00:43 CONN Success: Show Command 'show run' for device 'Site4GW.lab.Rconfig.com' successful (File: /home/rconfig/lib/showCmdScript.php)
2016-05-15 01:00:44 CONN Success: Connected to Site5GW.lab.Rconfig.com (192.168.101.18) for taskID 709001 - in (File: /home/rconfig/lib/showCmdScript.php)
2016-05-15 01:00:45 CONN Success: Show Command 'show startup-config' for device 'Site5GW.lab.Rconfig.com' successful (File: /home/rconfig/lib/showCmdScript.php)
2016-05-15 01:00:45 CONN Success: Show Command 'show cdp neigh' for device 'Site5GW.lab.Rconfig.com' successful (File: /home/rconfig/lib/showCmdScript.php)
2016-05-15 01:00:45 CONN Success: Show Command 'show ip access-list' for device 'Site5GW.lab.Rconfig.com' successful (File: /home/rconfig/lib/showCmdScript.php)
2016-05-15 01:00:45 CONN Success: Show Command 'show ip route' for device 'Site5GW.lab.Rconfig.com' successful (File: /home/rconfig/lib/showCmdScript.php)
2016-05-15 01:00:45 CONN Success: Show Command 'Show Ip BGP Neigh' for device 'Site5GW.lab.Rconfig.com' successful (File: /home/rconfig/lib/showCmdScript.php)
2016-05-15 01:00:46 CONN Success: Show Command 'show logg' for device 'Site5GW.lab.Rconfig.com' successful (File: /home/rconfig/lib/showCmdScript.php)
2016-05-15 01:00:49 CONN Success: Show Command 'show run' for device 'Site5GW.lab.Rconfig.com' successful (File: /home/rconfig/lib/showCmdScript.php)
2016-05-15 01:00:50 CONN Success: Connected to Site6GW.lab.Rconfig.com (192.168.101.22) for taskID 709001 - in (File: /home/rconfig/lib/showCmdScript.php)
2016-05-15 01:00:50 CONN Success: Show Command 'show startup-config' for device 'Site6GW.lab.Rconfig.com' successful (File: /home/rconfig/lib/showCmdScript.php)
2016-05-15 01:00:50 CONN Success: Show Command 'show cdp neigh' for device 'Site6GW.lab.Rconfig.com' successful (File: /home/rconfig/lib/showCmdScript.php)
2016-05-15 01:00:51 CONN Success: Show Command 'show ip access-list' for device 'Site6GW.lab.Rconfig.com' successful (File: /home/rconfig/lib/showCmdScript.php)
2016-05-15 01:00:51 CONN Success: Show Command 'show ip route' for device 'Site6GW.lab.Rconfig.com' successful (File: /home/rconfig/lib/showCmdScript.php)
2016-05-15 01:00:51 CONN Success: Show Command 'Show Ip BGP Neigh' for device 'Site6GW.lab.Rconfig.com' successful (File: /home/rconfig/lib/showCmdScript.php)
2016-05-15 01:00:51 CONN Success: Show Command 'show logg' for device 'Site6GW.lab.Rconfig.com' successful (File: /home/rconfig/lib/showCmdScript.php)
2016-05-15 01:00:54 CONN Success: Show Command 'show run' for device 'Site6GW.lab.Rconfig.com' successful (File: /home/rconfig/lib/showCmdScript.php)
2016-05-15 01:00:55 CONN Success: Connected to Site7GW.lab.Rconfig.com (192.168.101.26) for taskID 709001 - in (File: /home/rconfig/lib/showCmdScript.php)
2016-05-15 01:00:56 CONN Success: Show Command 'show startup-config' for device 'Site7GW.lab.Rconfig.com' successful (File: /home/rconfig/lib/showCmdScript.php)
2016-05-15 01:00:56 CONN Success: Show Command 'show cdp neigh' for device 'Site7GW.lab.Rconfig.com' successful (File: /home/rconfig/lib/showCmdScript.php)
2016-05-15 01:00:56 CONN Success: Show Command 'show ip access-list' for device 'Site7GW.lab.Rconfig.com' successful (File: /home/rconfig/lib/showCmdScript.php)
2016-05-15 01:00:56 CONN Success: Show Command 'show ip route' for device 'Site7GW.lab.Rconfig.com' successful (File: /home/rconfig/lib/showCmdScript.php)
2016-05-15 01:00:57 CONN Success: Show Command 'Show Ip BGP Neigh' for device 'Site7GW.lab.Rconfig.com' successful (File: /home/rconfig/lib/showCmdScript.php)
2016-05-15 01:00:57 CONN Success: Show Command 'show logg' for device 'Site7GW.lab.Rconfig.com' successful (File: /home/rconfig/lib/showCmdScript.php)
2016-05-15 01:01:00 CONN Success: Show Command 'show run' for device 'Site7GW.lab.Rconfig.com' successful (File: /home/rconfig/lib/showCmdScript.php)
2016-05-15 01:01:01 CONN Success: Connected to Site8GW.lab.Rconfig.com (192.168.101.30) for taskID 709001 - in (File: /home/rconfig/lib/showCmdScript.php)
2016-05-15 01:01:02 CONN Success: Show Command 'show startup-config' for device 'Site8GW.lab.Rconfig.com' successful (File: /home/rconfig/lib/showCmdScript.php)
2016-05-15 01:01:02 CONN Success: Show Command 'show cdp neigh' for device 'Site8GW.lab.Rconfig.com' successful (File: /home/rconfig/lib/showCmdScript.php)
2016-05-15 01:01:02 CONN Success: Show Command 'show ip access-list' for device 'Site8GW.lab.Rconfig.com' successful (File: /home/rconfig/lib/showCmdScript.php)
2016-05-15 01:01:02 CONN Success: Show Command 'show ip route' for device 'Site8GW.lab.Rconfig.com' successful (File: /home/rconfig/lib/showCmdScript.php)
2016-05-15 01:01:02 CONN Success: Show Command 'Show Ip BGP Neigh' for device 'Site8GW.lab.Rconfig.com' successful (File: /home/rconfig/lib/showCmdScript.php)
2016-05-15 01:01:02 CONN Success: Show Command 'show logg' for device 'Site8GW.lab.Rconfig.com' successful (File: /home/rconfig/lib/showCmdScript.php)
2016-05-15 01:01:05 CONN Success: Show Command 'show run' for device 'Site8GW.lab.Rconfig.com' successful (File: /home/rconfig/lib/showCmdScript.php)
2016-05-15 01:01:07 CONN Success: Connected to Site9GW.lab.Rconfig.com (192.168.101.34) for taskID 709001 - in (File: /home/rconfig/lib/showCmdScript.php)
2016-05-15 01:01:07 CONN Success: Show Command 'show startup-config' for device 'Site9GW.lab.Rconfig.com' successful (File: /home/rconfig/lib/showCmdScript.php)
2016-05-15 01:01:07 CONN Success: Show Command 'show cdp neigh' for device 'Site9GW.lab.Rconfig.com' successful (File: /home/rconfig/lib/showCmdScript.php)
2016-05-15 01:01:07 CONN Success: Show Command 'show ip access-list' for device 'Site9GW.lab.Rconfig.com' successful (File: /home/rconfig/lib/showCmdScript.php)
2016-05-15 01:01:07 CONN Success: Show Command 'show ip route' for device 'Site9GW.lab.Rconfig.com' successful (File: /home/rconfig/lib/showCmdScript.php)
2016-05-15 01:01:08 CONN Success: Show Command 'Show Ip BGP Neigh' for device 'Site9GW.lab.Rconfig.com' successful (File: /home/rconfig/lib/showCmdScript.php)
2016-05-15 01:01:08 CONN Success: Show Command 'show logg' for device 'Site9GW.lab.Rconfig.com' successful (File: /home/rconfig/lib/showCmdScript.php)
2016-05-15 01:01:11 CONN Success: Show Command 'show run' for device 'Site9GW.lab.Rconfig.com' successful (File: /home/rconfig/lib/showCmdScript.php)
2016-05-15 01:01:12 CONN Success: Connected to Site11GW.lab.Rconfig.com (192.168.101.42) for taskID 709001 - in (File: /home/rconfig/lib/showCmdScript.php)
2016-05-15 01:01:13 CONN Success: Show Command 'show startup-config' for device 'Site11GW.lab.Rconfig.com' successful (File: /home/rconfig/lib/showCmdScript.php)
2016-05-15 01:01:13 CONN Success: Show Command 'show cdp neigh' for device 'Site11GW.lab.Rconfig.com' successful (File: /home/rconfig/lib/showCmdScript.php)
2016-05-15 01:01:13 CONN Success: Show Command 'show ip access-list' for device 'Site11GW.lab.Rconfig.com' successful (File: /home/rconfig/lib/showCmdScript.php)
2016-05-15 01:01:13 CONN Success: Show Command 'show ip route' for device 'Site11GW.lab.Rconfig.com' successful (File: /home/rconfig/lib/showCmdScript.php)
2016-05-15 01:01:13 CONN Success: Show Command 'Show Ip BGP Neigh' for device 'Site11GW.lab.Rconfig.com' successful (File: /home/rconfig/lib/showCmdScript.php)
2016-05-15 01:01:13 CONN Success: Show Command 'show logg' for device 'Site11GW.lab.Rconfig.com' successful (File: /home/rconfig/lib/showCmdScript.php)
2016-05-15 01:01:16 CONN Success: Show Command 'show run' for device 'Site11GW.lab.Rconfig.com' successful (File: /home/rconfig/lib/showCmdScript.php)
2016-05-15 01:01:18 CONN Success: Connected to Site12GW.lab.Rconfig.com (192.168.101.46) for taskID 709001 - in (File: /home/rconfig/lib/showCmdScript.php)
2016-05-15 01:01:18 CONN Success: Show Command 'show startup-config' for device 'Site12GW.lab.Rconfig.com' successful (File: /home/rconfig/lib/showCmdScript.php)
2016-05-15 01:01:18 CONN Success: Show Command 'show cdp neigh' for device 'Site12GW.lab.Rconfig.com' successful (File: /home/rconfig/lib/showCmdScript.php)
2016-05-15 01:01:18 CONN Success: Show Command 'show ip access-list' for device 'Site12GW.lab.Rconfig.com' successful (File: /home/rconfig/lib/showCmdScript.php)
2016-05-15 01:01:19 CONN Success: Show Command 'show ip route' for device 'Site12GW.lab.Rconfig.com' successful (File: /home/rconfig/lib/showCmdScript.php)
2016-05-15 01:01:19 CONN Success: Show Command 'Show Ip BGP Neigh' for device 'Site12GW.lab.Rconfig.com' successful (File: /home/rconfig/lib/showCmdScript.php)
2016-05-15 01:01:19 CONN Success: Show Command 'show logg' for device 'Site12GW.lab.Rconfig.com' successful (File: /home/rconfig/lib/showCmdScript.php)
2016-05-15 01:01:22 CONN Success: Show Command 'show run' for device 'Site12GW.lab.Rconfig.com' successful (File: /home/rconfig/lib/showCmdScript.php)
2016-05-15 01:01:24 CONN Success: Connected to Site1R1.lab.Rconfig.com (172.16.0.2) for taskID 709001 - in (File: /home/rconfig/lib/showCmdScript.php)
2016-05-15 01:01:24 CONN Success: Show Command 'show startup-config' for device 'Site1R1.lab.Rconfig.com' successful (File: /home/rconfig/lib/showCmdScript.php)
2016-05-15 01:01:24 CONN Success: Show Command 'show cdp neigh' for device 'Site1R1.lab.Rconfig.com' successful (File: /home/rconfig/lib/showCmdScript.php)
2016-05-15 01:01:24 CONN Success: Show Command 'show ip access-list' for device 'Site1R1.lab.Rconfig.com' successful (File: /home/rconfig/lib/showCmdScript.php)
2016-05-15 01:01:25 CONN Success: Show Command 'show ip route' for device 'Site1R1.lab.Rconfig.com' successful (File: /home/rconfig/lib/showCmdScript.php)
2016-05-15 01:01:25 CONN Success: Show Command 'Show Ip BGP Neigh' for device 'Site1R1.lab.Rconfig.com' successful (File: /home/rconfig/lib/showCmdScript.php)
2016-05-15 01:01:25 CONN Success: Show Command 'show logg' for device 'Site1R1.lab.Rconfig.com' successful (File: /home/rconfig/lib/showCmdScript.php)
2016-05-15 01:01:28 CONN Success: Show Command 'show run' for device 'Site1R1.lab.Rconfig.com' successful (File: /home/rconfig/lib/showCmdScript.php)
2016-05-15 01:01:30 CONN Success: Connected to Site1R2.lab.Rconfig.com (172.16.0.6) for taskID 709001 - in (File: /home/rconfig/lib/showCmdScript.php)
2016-05-15 01:01:31 CONN Success: Show Command 'show startup-config' for device 'Site1R2.lab.Rconfig.com' successful (File: /home/rconfig/lib/showCmdScript.php)
2016-05-15 01:01:31 CONN Success: Show Command 'show cdp neigh' for device 'Site1R2.lab.Rconfig.com' successful (File: /home/rconfig/lib/showCmdScript.php)
2016-05-15 01:01:31 CONN Success: Show Command 'show ip access-list' for device 'Site1R2.lab.Rconfig.com' successful (File: /home/rconfig/lib/showCmdScript.php)
2016-05-15 01:01:31 CONN Success: Show Command 'show ip route' for device 'Site1R2.lab.Rconfig.com' successful (File: /home/rconfig/lib/showCmdScript.php)
2016-05-15 01:01:31 CONN Success: Show Command 'Show Ip BGP Neigh' for device 'Site1R2.lab.Rconfig.com' successful (File: /home/rconfig/lib/showCmdScript.php)
2016-05-15 01:01:32 CONN Success: Show Command 'show logg' for device 'Site1R2.lab.Rconfig.com' successful (File: /home/rconfig/lib/showCmdScript.php)
2016-05-15 01:01:36 CONN Success: Show Command 'show run' for device 'Site1R2.lab.Rconfig.com' successful (File: /home/rconfig/lib/showCmdScript.php)
2016-05-15 01:01:37 CONN Success: Connected to Site1R3.lab.Rconfig.com (172.16.0.10) for taskID 709001 - in (File: /home/rconfig/lib/showCmdScript.php)
2016-05-15 01:01:38 CONN Success: Show Command 'show startup-config' for device 'Site1R3.lab.Rconfig.com' successful (File: /home/rconfig/lib/showCmdScript.php)
2016-05-15 01:01:38 CONN Success: Show Command 'show cdp neigh' for device 'Site1R3.lab.Rconfig.com' successful (File: /home/rconfig/lib/showCmdScript.php)
2016-05-15 01:01:38 CONN Success: Show Command 'show ip access-list' for device 'Site1R3.lab.Rconfig.com' successful (File: /home/rconfig/lib/showCmdScript.php)
2016-05-15 01:01:38 CONN Success: Show Command 'show ip route' for device 'Site1R3.lab.Rconfig.com' successful (File: /home/rconfig/lib/showCmdScript.php)
2016-05-15 01:01:38 CONN Success: Show Command 'Show Ip BGP Neigh' for device 'Site1R3.lab.Rconfig.com' successful (File: /home/rconfig/lib/showCmdScript.php)
2016-05-15 01:01:39 CONN Success: Show Command 'show logg' for device 'Site1R3.lab.Rconfig.com' successful (File: /home/rconfig/lib/showCmdScript.php)
2016-05-15 01:01:42 CONN Success: Show Command 'show run' for device 'Site1R3.lab.Rconfig.com' successful (File: /home/rconfig/lib/showCmdScript.php)
2016-05-15 01:01:44 CONN Success: Connected to Site2R2.lab.Rconfig.com (172.16.0.18) for taskID 709001 - in (File: /home/rconfig/lib/showCmdScript.php)
2016-05-15 01:01:45 CONN Success: Show Command 'show startup-config' for device 'Site2R2.lab.Rconfig.com' successful (File: /home/rconfig/lib/showCmdScript.php)
2016-05-15 01:01:45 CONN Success: Show Command 'show cdp neigh' for device 'Site2R2.lab.Rconfig.com' successful (File: /home/rconfig/lib/showCmdScript.php)
2016-05-15 01:01:45 CONN Success: Show Command 'show ip access-list' for device 'Site2R2.lab.Rconfig.com' successful (File: /home/rconfig/lib/showCmdScript.php)
2016-05-15 01:01:45 CONN Success: Show Command 'show ip route' for device 'Site2R2.lab.Rconfig.com' successful (File: /home/rconfig/lib/showCmdScript.php)
2016-05-15 01:01:45 CONN Success: Show Command 'Show Ip BGP Neigh' for device 'Site2R2.lab.Rconfig.com' successful (File: /home/rconfig/lib/showCmdScript.php)
2016-05-15 01:01:46 CONN Success: Show Command 'show logg' for device 'Site2R2.lab.Rconfig.com' successful (File: /home/rconfig/lib/showCmdScript.php)
2016-05-15 01:01:50 CONN Success: Show Command 'show run' for device 'Site2R2.lab.Rconfig.com' successful (File: /home/rconfig/lib/showCmdScript.php)
2016-05-15 01:01:51 CONN Success: Connected to Site2R3.lab.Rconfig.com (172.16.0.22) for taskID 709001 - in (File: /home/rconfig/lib/showCmdScript.php)
2016-05-15 01:01:52 CONN Success: Show Command 'show startup-config' for device 'Site2R3.lab.Rconfig.com' successful (File: /home/rconfig/lib/showCmdScript.php)
2016-05-15 01:01:52 CONN Success: Show Command 'show cdp neigh' for device 'Site2R3.lab.Rconfig.com' successful (File: /home/rconfig/lib/showCmdScript.php)
2016-05-15 01:01:52 CONN Success: Show Command 'show ip access-list' for device 'Site2R3.lab.Rconfig.com' successful (File: /home/rconfig/lib/showCmdScript.php)
2016-05-15 01:01:52 CONN Success: Show Command 'show ip route' for device 'Site2R3.lab.Rconfig.com' successful (File: /home/rconfig/lib/showCmdScript.php)
2016-05-15 01:01:52 CONN Success: Show Command 'Show Ip BGP Neigh' for device 'Site2R3.lab.Rconfig.com' successful (File: /home/rconfig/lib/showCmdScript.php)
2016-05-15 01:01:53 CONN Success: Show Command 'show logg' for device 'Site2R3.lab.Rconfig.com' successful (File: /home/rconfig/lib/showCmdScript.php)
2016-05-15 01:01:56 CONN Success: Show Command 'show run' for device 'Site2R3.lab.Rconfig.com' successful (File: /home/rconfig/lib/showCmdScript.php)
2016-05-15 01:01:58 CONN Success: Connected to Site2R1.lab.Rconfig.com (172.16.0.14) for taskID 709001 - in (File: /home/rconfig/lib/showCmdScript.php)
2016-05-15 01:01:58 CONN Success: Show Command 'show startup-config' for device 'Site2R1.lab.Rconfig.com' successful (File: /home/rconfig/lib/showCmdScript.php)
2016-05-15 01:01:58 CONN Success: Show Command 'show cdp neigh' for device 'Site2R1.lab.Rconfig.com' successful (File: /home/rconfig/lib/showCmdScript.php)
2016-05-15 01:01:58 CONN Success: Show Command 'show ip access-list' for device 'Site2R1.lab.Rconfig.com' successful (File: /home/rconfig/lib/showCmdScript.php)
2016-05-15 01:01:59 CONN Success: Show Command 'show ip route' for device 'Site2R1.lab.Rconfig.com' successful (File: /home/rconfig/lib/showCmdScript.php)
2016-05-15 01:01:59 CONN Success: Show Command 'Show Ip BGP Neigh' for device 'Site2R1.lab.Rconfig.com' successful (File: /home/rconfig/lib/showCmdScript.php)
2016-05-15 01:01:59 CONN Success: Show Command 'show logg' for device 'Site2R1.lab.Rconfig.com' successful (File: /home/rconfig/lib/showCmdScript.php)
2016-05-15 01:02:03 CONN Success: Show Command 'show run' for device 'Site2R1.lab.Rconfig.com' successful (File: /home/rconfig/lib/showCmdScript.php)
2016-05-15 01:02:05 CONN Success: Connected to Site3R3.lab.Rconfig.com (172.16.0.34) for taskID 709001 - in (File: /home/rconfig/lib/showCmdScript.php)
2016-05-15 01:02:05 CONN Success: Show Command 'show startup-config' for device 'Site3R3.lab.Rconfig.com' successful (File: /home/rconfig/lib/showCmdScript.php)
2016-05-15 01:02:06 CONN Success: Show Command 'show cdp neigh' for device 'Site3R3.lab.Rconfig.com' successful (File: /home/rconfig/lib/showCmdScript.php)
2016-05-15 01:02:06 CONN Success: Show Command 'show ip access-list' for device 'Site3R3.lab.Rconfig.com' successful (File: /home/rconfig/lib/showCmdScript.php)
2016-05-15 01:02:06 CONN Success: Show Command 'show ip route' for device 'Site3R3.lab.Rconfig.com' successful (File: /home/rconfig/lib/showCmdScript.php)
2016-05-15 01:02:06 CONN Success: Show Command 'Show Ip BGP Neigh' for device 'Site3R3.lab.Rconfig.com' successful (File: /home/rconfig/lib/showCmdScript.php)
2016-05-15 01:02:07 CONN Success: Show Command 'show logg' for device 'Site3R3.lab.Rconfig.com' successful (File: /home/rconfig/lib/showCmdScript.php)
2016-05-15 01:02:10 CONN Success: Show Command 'show run' for device 'Site3R3.lab.Rconfig.com' successful (File: /home/rconfig/lib/showCmdScript.php)
2016-05-15 01:02:12 CONN Success: Connected to Site3R2.lab.Rconfig.com (172.16.0.30) for taskID 709001 - in (File: /home/rconfig/lib/showCmdScript.php)
2016-05-15 01:02:13 CONN Success: Show Command 'show startup-config' for device 'Site3R2.lab.Rconfig.com' successful (File: /home/rconfig/lib/showCmdScript.php)
2016-05-15 01:02:13 CONN Success: Show Command 'show cdp neigh' for device 'Site3R2.lab.Rconfig.com' successful (File: /home/rconfig/lib/showCmdScript.php)
2016-05-15 01:02:13 CONN Success: Show Command 'show ip access-list' for device 'Site3R2.lab.Rconfig.com' successful (File: /home/rconfig/lib/showCmdScript.php)
2016-05-15 01:02:13 CONN Success: Show Command 'show ip route' for device 'Site3R2.lab.Rconfig.com' successful (File: /home/rconfig/lib/showCmdScript.php)
2016-05-15 01:02:13 CONN Success: Show Command 'Show Ip BGP Neigh' for device 'Site3R2.lab.Rconfig.com' successful (File: /home/rconfig/lib/showCmdScript.php)
2016-05-15 01:02:14 CONN Success: Show Command 'show logg' for device 'Site3R2.lab.Rconfig.com' successful (File: /home/rconfig/lib/showCmdScript.php)
2016-05-15 01:02:18 CONN Success: Show Command 'show run' for device 'Site3R2.lab.Rconfig.com' successful (File: /home/rconfig/lib/showCmdScript.php)
2016-05-15 01:02:19 CONN Success: Connected to Site3R1.lab.Rconfig.com (172.16.0.26) for taskID 709001 - in (File: /home/rconfig/lib/showCmdScript.php)
2016-05-15 01:02:20 CONN Success: Show Command 'show startup-config' for device 'Site3R1.lab.Rconfig.com' successful (File: /home/rconfig/lib/showCmdScript.php)
2016-05-15 01:02:20 CONN Success: Show Command 'show cdp neigh' for device 'Site3R1.lab.Rconfig.com' successful (File: /home/rconfig/lib/showCmdScript.php)
2016-05-15 01:02:20 CONN Success: Show Command 'show ip access-list' for device 'Site3R1.lab.Rconfig.com' successful (File: /home/rconfig/lib/showCmdScript.php)
2016-05-15 01:02:20 CONN Success: Show Command 'show ip route' for device 'Site3R1.lab.Rconfig.com' successful (File: /home/rconfig/lib/showCmdScript.php)
2016-05-15 01:02:20 CONN Success: Show Command 'Show Ip BGP Neigh' for device 'Site3R1.lab.Rconfig.com' successful (File: /home/rconfig/lib/showCmdScript.php)
2016-05-15 01:02:21 CONN Success: Show Command 'show logg' for device 'Site3R1.lab.Rconfig.com' successful (File: /home/rconfig/lib/showCmdScript.php)
2016-05-15 01:02:25 CONN Success: Show Command 'show run' for device 'Site3R1.lab.Rconfig.com' successful (File: /home/rconfig/lib/showCmdScript.php)
2016-05-15 01:02:26 CONN Success: Connected to Site4R1.lab.Rconfig.com (172.16.0.38) for taskID 709001 - in (File: /home/rconfig/lib/showCmdScript.php)
2016-05-15 01:02:27 CONN Success: Show Command 'show startup-config' for device 'Site4R1.lab.Rconfig.com' successful (File: /home/rconfig/lib/showCmdScript.php)
2016-05-15 01:02:27 CONN Success: Show Command 'show cdp neigh' for device 'Site4R1.lab.Rconfig.com' successful (File: /home/rconfig/lib/showCmdScript.php)
2016-05-15 01:02:27 CONN Success: Show Command 'show ip access-list' for device 'Site4R1.lab.Rconfig.com' successful (File: /home/rconfig/lib/showCmdScript.php)
2016-05-15 01:02:27 CONN Success: Show Command 'show ip route' for device 'Site4R1.lab.Rconfig.com' successful (File: /home/rconfig/lib/showCmdScript.php)
2016-05-15 01:02:27 CONN Success: Show Command 'Show Ip BGP Neigh' for device 'Site4R1.lab.Rconfig.com' successful (File: /home/rconfig/lib/showCmdScript.php)
2016-05-15 01:02:28 CONN Success: Show Command 'show logg' for device 'Site4R1.lab.Rconfig.com' successful (File: /home/rconfig/lib/showCmdScript.php)
2016-05-15 01:02:32 CONN Success: Show Command 'show run' for device 'Site4R1.lab.Rconfig.com' successful (File: /home/rconfig/lib/showCmdScript.php)
2016-05-15 01:02:33 CONN Success: Connected to Site4R2.lab.Rconfig.com (172.16.0.42) for taskID 709001 - in (File: /home/rconfig/lib/showCmdScript.php)
2016-05-15 01:02:34 CONN Success: Show Command 'show startup-config' for device 'Site4R2.lab.Rconfig.com' successful (File: /home/rconfig/lib/showCmdScript.php)
2016-05-15 01:02:34 CONN Success: Show Command 'show cdp neigh' for device 'Site4R2.lab.Rconfig.com' successful (File: /home/rconfig/lib/showCmdScript.php)
2016-05-15 01:02:34 CONN Success: Show Command 'show ip access-list' for device 'Site4R2.lab.Rconfig.com' successful (File: /home/rconfig/lib/showCmdScript.php)
2016-05-15 01:02:34 CONN Success: Show Command 'show ip route' for device 'Site4R2.lab.Rconfig.com' successful (File: /home/rconfig/lib/showCmdScript.php)
2016-05-15 01:02:35 CONN Success: Show Command 'Show Ip BGP Neigh' for device 'Site4R2.lab.Rconfig.com' successful (File: /home/rconfig/lib/showCmdScript.php)
2016-05-15 01:02:35 CONN Success: Show Command 'show logg' for device 'Site4R2.lab.Rconfig.com' successful (File: /home/rconfig/lib/showCmdScript.php)
2016-05-15 01:02:40 CONN Success: Show Command 'show run' for device 'Site4R2.lab.Rconfig.com' successful (File: /home/rconfig/lib/showCmdScript.php)
2016-05-15 01:02:41 CONN Success: Connected to Site4R3.lab.Rconfig.com (172.16.0.46) for taskID 709001 - in (File: /home/rconfig/lib/showCmdScript.php)
2016-05-15 01:02:42 CONN Success: Show Command 'show startup-config' for device 'Site4R3.lab.Rconfig.com' successful (File: /home/rconfig/lib/showCmdScript.php)
2016-05-15 01:02:42 CONN Success: Show Command 'show cdp neigh' for device 'Site4R3.lab.Rconfig.com' successful (File: /home/rconfig/lib/showCmdScript.php)
2016-05-15 01:02:42 CONN Success: Show Command 'show ip access-list' for device 'Site4R3.lab.Rconfig.com' successful (File: /home/rconfig/lib/showCmdScript.php)
2016-05-15 01:02:43 CONN Success: Show Command 'show ip route' for device 'Site4R3.lab.Rconfig.com' successful (File: /home/rconfig/lib/showCmdScript.php)
2016-05-15 01:02:43 CONN Success: Show Command 'Show Ip BGP Neigh' for device 'Site4R3.lab.Rconfig.com' successful (File: /home/rconfig/lib/showCmdScript.php)
2016-05-15 01:02:43 CONN Success: Show Command 'show logg' for device 'Site4R3.lab.Rconfig.com' successful (File: /home/rconfig/lib/showCmdScript.php)
2016-05-15 01:02:47 CONN Success: Show Command 'show run' for device 'Site4R3.lab.Rconfig.com' successful (File: /home/rconfig/lib/showCmdScript.php)
2016-05-15 01:02:48 CONN Success: Connected to Site5R1.lab.Rconfig.com (172.16.0.50) for taskID 709001 - in (File: /home/rconfig/lib/showCmdScript.php)
2016-05-15 01:02:49 CONN Success: Show Command 'show startup-config' for device 'Site5R1.lab.Rconfig.com' successful (File: /home/rconfig/lib/showCmdScript.php)
2016-05-15 01:02:49 CONN Success: Show Command 'show cdp neigh' for device 'Site5R1.lab.Rconfig.com' successful (File: /home/rconfig/lib/showCmdScript.php)
2016-05-15 01:02:49 CONN Success: Show Command 'show ip access-list' for device 'Site5R1.lab.Rconfig.com' successful (File: /home/rconfig/lib/showCmdScript.php)
2016-05-15 01:02:50 CONN Success: Show Command 'show ip route' for device 'Site5R1.lab.Rconfig.com' successful (File: /home/rconfig/lib/showCmdScript.php)
2016-05-15 01:02:50 CONN Success: Show Command 'Show Ip BGP Neigh' for device 'Site5R1.lab.Rconfig.com' successful (File: /home/rconfig/lib/showCmdScript.php)
2016-05-15 01:02:50 CONN Success: Show Command 'show logg' for device 'Site5R1.lab.Rconfig.com' successful (File: /home/rconfig/lib/showCmdScript.php)
2016-05-15 01:02:54 CONN Success: Show Command 'show run' for device 'Site5R1.lab.Rconfig.com' successful (File: /home/rconfig/lib/showCmdScript.php)
2016-05-15 01:02:55 CONN Success: Connected to Site5R2.lab.Rconfig.com (172.16.0.54) for taskID 709001 - in (File: /home/rconfig/lib/showCmdScript.php)
2016-05-15 01:02:56 CONN Success: Show Command 'show startup-config' for device 'Site5R2.lab.Rconfig.com' successful (File: /home/rconfig/lib/showCmdScript.php)
2016-05-15 01:02:56 CONN Success: Show Command 'show cdp neigh' for device 'Site5R2.lab.Rconfig.com' successful (File: /home/rconfig/lib/showCmdScript.php)
2016-05-15 01:02:56 CONN Success: Show Command 'show ip access-list' for device 'Site5R2.lab.Rconfig.com' successful (File: /home/rconfig/lib/showCmdScript.php)
2016-05-15 01:02:56 CONN Success: Show Command 'show ip route' for device 'Site5R2.lab.Rconfig.com' successful (File: /home/rconfig/lib/showCmdScript.php)
2016-05-15 01:02:56 CONN Success: Show Command 'Show Ip BGP Neigh' for device 'Site5R2.lab.Rconfig.com' successful (File: /home/rconfig/lib/showCmdScript.php)
2016-05-15 01:02:57 CONN Success: Show Command 'show logg' for device 'Site5R2.lab.Rconfig.com' successful (File: /home/rconfig/lib/showCmdScript.php)
2016-05-15 01:03:01 CONN Success: Show Command 'show run' for device 'Site5R2.lab.Rconfig.com' successful (File: /home/rconfig/lib/showCmdScript.php)
2016-05-15 01:03:02 CONN Success: Connected to Site5R3.lab.Rconfig.com (172.16.0.58) for taskID 709001 - in (File: /home/rconfig/lib/showCmdScript.php)
2016-05-15 01:03:03 CONN Success: Show Command 'show startup-config' for device 'Site5R3.lab.Rconfig.com' successful (File: /home/rconfig/lib/showCmdScript.php)
2016-05-15 01:03:03 CONN Success: Show Command 'show cdp neigh' for device 'Site5R3.lab.Rconfig.com' successful (File: /home/rconfig/lib/showCmdScript.php)
2016-05-15 01:03:03 CONN Success: Show Command 'show ip access-list' for device 'Site5R3.lab.Rconfig.com' successful (File: /home/rconfig/lib/showCmdScript.php)
2016-05-15 01:03:03 CONN Success: Show Command 'show ip route' for device 'Site5R3.lab.Rconfig.com' successful (File: /home/rconfig/lib/showCmdScript.php)
2016-05-15 01:03:03 CONN Success: Show Command 'Show Ip BGP Neigh' for device 'Site5R3.lab.Rconfig.com' successful (File: /home/rconfig/lib/showCmdScript.php)
2016-05-15 01:03:04 CONN Success: Show Command 'show logg' for device 'Site5R3.lab.Rconfig.com' successful (File: /home/rconfig/lib/showCmdScript.php)
2016-05-15 01:03:08 CONN Success: Show Command 'show run' for device 'Site5R3.lab.Rconfig.com' successful (File: /home/rconfig/lib/showCmdScript.php)
2016-05-15 01:03:10 CONN Success: Connected to Site6R1.lab.Rconfig.com (172.16.0.62) for taskID 709001 - in (File: /home/rconfig/lib/showCmdScript.php)
2016-05-15 01:03:10 CONN Success: Show Command 'show startup-config' for device 'Site6R1.lab.Rconfig.com' successful (File: /home/rconfig/lib/showCmdScript.php)
2016-05-15 01:03:10 CONN Success: Show Command 'show cdp neigh' for device 'Site6R1.lab.Rconfig.com' successful (File: /home/rconfig/lib/showCmdScript.php)
2016-05-15 01:03:11 CONN Success: Show Command 'show ip access-list' for device 'Site6R1.lab.Rconfig.com' successful (File: /home/rconfig/lib/showCmdScript.php)
2016-05-15 01:03:11 CONN Success: Show Command 'show ip route' for device 'Site6R1.lab.Rconfig.com' successful (File: /home/rconfig/lib/showCmdScript.php)
2016-05-15 01:03:11 CONN Success: Show Command 'Show Ip BGP Neigh' for device 'Site6R1.lab.Rconfig.com' successful (File: /home/rconfig/lib/showCmdScript.php)
2016-05-15 01:03:11 CONN Success: Show Command 'show logg' for device 'Site6R1.lab.Rconfig.com' successful (File: /home/rconfig/lib/showCmdScript.php)
2016-05-15 01:03:15 CONN Success: Show Command 'show run' for device 'Site6R1.lab.Rconfig.com' successful (File: /home/rconfig/lib/showCmdScript.php)
2016-05-15 01:03:17 CONN Success: Connected to Site6R2.lab.Rconfig.com (172.16.0.66) for taskID 709001 - in (File: /home/rconfig/lib/showCmdScript.php)
2016-05-15 01:03:17 CONN Success: Show Command 'show startup-config' for device 'Site6R2.lab.Rconfig.com' successful (File: /home/rconfig/lib/showCmdScript.php)
2016-05-15 01:03:17 CONN Success: Show Command 'show cdp neigh' for device 'Site6R2.lab.Rconfig.com' successful (File: /home/rconfig/lib/showCmdScript.php)
2016-05-15 01:03:17 CONN Success: Show Command 'show ip access-list' for device 'Site6R2.lab.Rconfig.com' successful (File: /home/rconfig/lib/showCmdScript.php)
2016-05-15 01:03:18 CONN Success: Show Command 'show ip route' for device 'Site6R2.lab.Rconfig.com' successful (File: /home/rconfig/lib/showCmdScript.php)
2016-05-15 01:03:18 CONN Success: Show Command 'Show Ip BGP Neigh' for device 'Site6R2.lab.Rconfig.com' successful (File: /home/rconfig/lib/showCmdScript.php)
2016-05-15 01:03:18 CONN Success: Show Command 'show logg' for device 'Site6R2.lab.Rconfig.com' successful (File: /home/rconfig/lib/showCmdScript.php)
2016-05-15 01:03:22 CONN Success: Show Command 'show run' for device 'Site6R2.lab.Rconfig.com' successful (File: /home/rconfig/lib/showCmdScript.php)
2016-05-15 01:03:24 CONN Success: Connected to Site6R3.lab.Rconfig.com (172.16.0.70) for taskID 709001 - in (File: /home/rconfig/lib/showCmdScript.php)
2016-05-15 01:03:24 CONN Success: Show Command 'show startup-config' for device 'Site6R3.lab.Rconfig.com' successful (File: /home/rconfig/lib/showCmdScript.php)
2016-05-15 01:03:24 CONN Success: Show Command 'show cdp neigh' for device 'Site6R3.lab.Rconfig.com' successful (File: /home/rconfig/lib/showCmdScript.php)
2016-05-15 01:03:24 CONN Success: Show Command 'show ip access-list' for device 'Site6R3.lab.Rconfig.com' successful (File: /home/rconfig/lib/showCmdScript.php)
2016-05-15 01:03:25 CONN Success: Show Command 'show ip route' for device 'Site6R3.lab.Rconfig.com' successful (File: /home/rconfig/lib/showCmdScript.php)
2016-05-15 01:03:25 CONN Success: Show Command 'Show Ip BGP Neigh' for device 'Site6R3.lab.Rconfig.com' successful (File: /home/rconfig/lib/showCmdScript.php)
2016-05-15 01:03:25 CONN Success: Show Command 'show logg' for device 'Site6R3.lab.Rconfig.com' successful (File: /home/rconfig/lib/showCmdScript.php)
2016-05-15 01:03:29 CONN Success: Show Command 'show run' for device 'Site6R3.lab.Rconfig.com' successful (File: /home/rconfig/lib/showCmdScript.php)
2016-05-15 01:03:31 CONN Success: Connected to Site7R1.lab.Rconfig.com (172.16.0.74) for taskID 709001 - in (File: /home/rconfig/lib/showCmdScript.php)
2016-05-15 01:03:31 CONN Success: Show Command 'show startup-config' for device 'Site7R1.lab.Rconfig.com' successful (File: /home/rconfig/lib/showCmdScript.php)
2016-05-15 01:03:31 CONN Success: Show Command 'show cdp neigh' for device 'Site7R1.lab.Rconfig.com' successful (File: /home/rconfig/lib/showCmdScript.php)
2016-05-15 01:03:32 CONN Success: Show Command 'show ip access-list' for device 'Site7R1.lab.Rconfig.com' successful (File: /home/rconfig/lib/showCmdScript.php)
2016-05-15 01:03:32 CONN Success: Show Command 'show ip route' for device 'Site7R1.lab.Rconfig.com' successful (File: /home/rconfig/lib/showCmdScript.php)
2016-05-15 01:03:32 CONN Success: Show Command 'Show Ip BGP Neigh' for device 'Site7R1.lab.Rconfig.com' successful (File: /home/rconfig/lib/showCmdScript.php)
2016-05-15 01:03:32 CONN Success: Show Command 'show logg' for device 'Site7R1.lab.Rconfig.com' successful (File: /home/rconfig/lib/showCmdScript.php)
2016-05-15 01:03:35 CONN Success: Show Command 'show run' for device 'Site7R1.lab.Rconfig.com' successful (File: /home/rconfig/lib/showCmdScript.php)
2016-05-15 01:03:37 CONN Success: Connected to Site7R2.lab.Rconfig.com (172.16.0.78) for taskID 709001 - in (File: /home/rconfig/lib/showCmdScript.php)
2016-05-15 01:03:38 CONN Success: Show Command 'show startup-config' for device 'Site7R2.lab.Rconfig.com' successful (File: /home/rconfig/lib/showCmdScript.php)
2016-05-15 01:03:38 CONN Success: Show Command 'show cdp neigh' for device 'Site7R2.lab.Rconfig.com' successful (File: /home/rconfig/lib/showCmdScript.php)
2016-05-15 01:03:38 CONN Success: Show Command 'show ip access-list' for device 'Site7R2.lab.Rconfig.com' successful (File: /home/rconfig/lib/showCmdScript.php)
2016-05-15 01:03:38 CONN Success: Show Command 'show ip route' for device 'Site7R2.lab.Rconfig.com' successful (File: /home/rconfig/lib/showCmdScript.php)
2016-05-15 01:03:38 CONN Success: Show Command 'Show Ip BGP Neigh' for device 'Site7R2.lab.Rconfig.com' successful (File: /home/rconfig/lib/showCmdScript.php)
2016-05-15 01:03:39 CONN Success: Show Command 'show logg' for device 'Site7R2.lab.Rconfig.com' successful (File: /home/rconfig/lib/showCmdScript.php)
2016-05-15 01:03:43 CONN Success: Show Command 'show run' for device 'Site7R2.lab.Rconfig.com' successful (File: /home/rconfig/lib/showCmdScript.php)
2016-05-15 01:03:44 CONN Success: Connected to Site7R3.lab.Rconfig.com (172.16.0.82) for taskID 709001 - in (File: /home/rconfig/lib/showCmdScript.php)
2016-05-15 01:03:45 CONN Success: Show Command 'show startup-config' for device 'Site7R3.lab.Rconfig.com' successful (File: /home/rconfig/lib/showCmdScript.php)
2016-05-15 01:03:45 CONN Success: Show Command 'show cdp neigh' for device 'Site7R3.lab.Rconfig.com' successful (File: /home/rconfig/lib/showCmdScript.php)
2016-05-15 01:03:45 CONN Success: Show Command 'show ip access-list' for device 'Site7R3.lab.Rconfig.com' successful (File: /home/rconfig/lib/showCmdScript.php)
2016-05-15 01:03:45 CONN Success: Show Command 'show ip route' for device 'Site7R3.lab.Rconfig.com' successful (File: /home/rconfig/lib/showCmdScript.php)
2016-05-15 01:03:45 CONN Success: Show Command 'Show Ip BGP Neigh' for device 'Site7R3.lab.Rconfig.com' successful (File: /home/rconfig/lib/showCmdScript.php)
2016-05-15 01:03:46 CONN Success: Show Command 'show logg' for device 'Site7R3.lab.Rconfig.com' successful (File: /home/rconfig/lib/showCmdScript.php)
2016-05-15 01:03:50 CONN Success: Show Command 'show run' for device 'Site7R3.lab.Rconfig.com' successful (File: /home/rconfig/lib/showCmdScript.php)
2016-05-15 01:03:51 CONN Success: Connected to Site8R1.lab.Rconfig.com (172.16.0.86) for taskID 709001 - in (File: /home/rconfig/lib/showCmdScript.php)
2016-05-15 01:03:52 CONN Success: Show Command 'show startup-config' for device 'Site8R1.lab.Rconfig.com' successful (File: /home/rconfig/lib/showCmdScript.php)
2016-05-15 01:03:52 CONN Success: Show Command 'show cdp neigh' for device 'Site8R1.lab.Rconfig.com' successful (File: /home/rconfig/lib/showCmdScript.php)
2016-05-15 01:03:52 CONN Success: Show Command 'show ip access-list' for device 'Site8R1.lab.Rconfig.com' successful (File: /home/rconfig/lib/showCmdScript.php)
2016-05-15 01:03:52 CONN Success: Show Command 'show ip route' for device 'Site8R1.lab.Rconfig.com' successful (File: /home/rconfig/lib/showCmdScript.php)
2016-05-15 01:03:52 CONN Success: Show Command 'Show Ip BGP Neigh' for device 'Site8R1.lab.Rconfig.com' successful (File: /home/rconfig/lib/showCmdScript.php)
2016-05-15 01:03:53 CONN Success: Show Command 'show logg' for device 'Site8R1.lab.Rconfig.com' successful (File: /home/rconfig/lib/showCmdScript.php)
2016-05-15 01:03:56 CONN Success: Show Command 'show run' for device 'Site8R1.lab.Rconfig.com' successful (File: /home/rconfig/lib/showCmdScript.php)
2016-05-15 01:03:58 CONN Success: Connected to Site8R2.lab.Rconfig.com (172.16.0.90) for taskID 709001 - in (File: /home/rconfig/lib/showCmdScript.php)
2016-05-15 01:03:59 CONN Success: Show Command 'show startup-config' for device 'Site8R2.lab.Rconfig.com' successful (File: /home/rconfig/lib/showCmdScript.php)
2016-05-15 01:03:59 CONN Success: Show Command 'show cdp neigh' for device 'Site8R2.lab.Rconfig.com' successful (File: /home/rconfig/lib/showCmdScript.php)
2016-05-15 01:03:59 CONN Success: Show Command 'show ip access-list' for device 'Site8R2.lab.Rconfig.com' successful (File: /home/rconfig/lib/showCmdScript.php)
2016-05-15 01:03:59 CONN Success: Show Command 'show ip route' for device 'Site8R2.lab.Rconfig.com' successful (File: /home/rconfig/lib/showCmdScript.php)
2016-05-15 01:03:59 CONN Success: Show Command 'Show Ip BGP Neigh' for device 'Site8R2.lab.Rconfig.com' successful (File: /home/rconfig/lib/showCmdScript.php)
2016-05-15 01:04:00 CONN Success: Show Command 'show logg' for device 'Site8R2.lab.Rconfig.com' successful (File: /home/rconfig/lib/showCmdScript.php)
2016-05-15 01:04:03 CONN Success: Show Command 'show run' for device 'Site8R2.lab.Rconfig.com' successful (File: /home/rconfig/lib/showCmdScript.php)
2016-05-15 01:04:05 CONN Success: Connected to Site8R3.lab.Rconfig.com (172.16.0.94) for taskID 709001 - in (File: /home/rconfig/lib/showCmdScript.php)
2016-05-15 01:04:05 CONN Success: Show Command 'show startup-config' for device 'Site8R3.lab.Rconfig.com' successful (File: /home/rconfig/lib/showCmdScript.php)
2016-05-15 01:04:05 CONN Success: Show Command 'show cdp neigh' for device 'Site8R3.lab.Rconfig.com' successful (File: /home/rconfig/lib/showCmdScript.php)
2016-05-15 01:04:06 CONN Success: Show Command 'show ip access-list' for device 'Site8R3.lab.Rconfig.com' successful (File: /home/rconfig/lib/showCmdScript.php)
2016-05-15 01:04:06 CONN Success: Show Command 'show ip route' for device 'Site8R3.lab.Rconfig.com' successful (File: /home/rconfig/lib/showCmdScript.php)
2016-05-15 01:04:06 CONN Success: Show Command 'Show Ip BGP Neigh' for device 'Site8R3.lab.Rconfig.com' successful (File: /home/rconfig/lib/showCmdScript.php)
2016-05-15 01:04:07 CONN Success: Show Command 'show logg' for device 'Site8R3.lab.Rconfig.com' successful (File: /home/rconfig/lib/showCmdScript.php)
2016-05-15 01:04:10 CONN Success: Show Command 'show run' for device 'Site8R3.lab.Rconfig.com' successful (File: /home/rconfig/lib/showCmdScript.php)
2016-05-15 01:04:12 CONN Success: Connected to Site9R1.lab.Rconfig.com (172.16.0.98) for taskID 709001 - in (File: /home/rconfig/lib/showCmdScript.php)
2016-05-15 01:04:12 CONN Success: Show Command 'show startup-config' for device 'Site9R1.lab.Rconfig.com' successful (File: /home/rconfig/lib/showCmdScript.php)
2016-05-15 01:04:12 CONN Success: Show Command 'show cdp neigh' for device 'Site9R1.lab.Rconfig.com' successful (File: /home/rconfig/lib/showCmdScript.php)
2016-05-15 01:04:13 CONN Success: Show Command 'show ip access-list' for device 'Site9R1.lab.Rconfig.com' successful (File: /home/rconfig/lib/showCmdScript.php)
2016-05-15 01:04:13 CONN Success: Show Command 'show ip route' for device 'Site9R1.lab.Rconfig.com' successful (File: /home/rconfig/lib/showCmdScript.php)
2016-05-15 01:04:13 CONN Success: Show Command 'Show Ip BGP Neigh' for device 'Site9R1.lab.Rconfig.com' successful (File: /home/rconfig/lib/showCmdScript.php)
2016-05-15 01:04:13 CONN Success: Show Command 'show logg' for device 'Site9R1.lab.Rconfig.com' successful (File: /home/rconfig/lib/showCmdScript.php)
2016-05-15 01:04:17 CONN Success: Show Command 'show run' for device 'Site9R1.lab.Rconfig.com' successful (File: /home/rconfig/lib/showCmdScript.php)
2016-05-15 01:04:18 CONN Success: Connected to Site9R2.lab.Rconfig.com (172.16.0.102) for taskID 709001 - in (File: /home/rconfig/lib/showCmdScript.php)
2016-05-15 01:04:19 CONN Success: Show Command 'show startup-config' for device 'Site9R2.lab.Rconfig.com' successful (File: /home/rconfig/lib/showCmdScript.php)
2016-05-15 01:04:19 CONN Success: Show Command 'show cdp neigh' for device 'Site9R2.lab.Rconfig.com' successful (File: /home/rconfig/lib/showCmdScript.php)
2016-05-15 01:04:19 CONN Success: Show Command 'show ip access-list' for device 'Site9R2.lab.Rconfig.com' successful (File: /home/rconfig/lib/showCmdScript.php)
2016-05-15 01:04:19 CONN Success: Show Command 'show ip route' for device 'Site9R2.lab.Rconfig.com' successful (File: /home/rconfig/lib/showCmdScript.php)
2016-05-15 01:04:20 CONN Success: Show Command 'Show Ip BGP Neigh' for device 'Site9R2.lab.Rconfig.com' successful (File: /home/rconfig/lib/showCmdScript.php)
2016-05-15 01:04:20 CONN Success: Show Command 'show logg' for device 'Site9R2.lab.Rconfig.com' successful (File: /home/rconfig/lib/showCmdScript.php)
2016-05-15 01:04:24 CONN Success: Show Command 'show run' for device 'Site9R2.lab.Rconfig.com' successful (File: /home/rconfig/lib/showCmdScript.php)
2016-05-15 01:04:25 CONN Success: Connected to Site9R3.lab.Rconfig.com (172.16.0.106) for taskID 709001 - in (File: /home/rconfig/lib/showCmdScript.php)
2016-05-15 01:04:26 CONN Success: Show Command 'show startup-config' for device 'Site9R3.lab.Rconfig.com' successful (File: /home/rconfig/lib/showCmdScript.php)
2016-05-15 01:04:26 CONN Success: Show Command 'show cdp neigh' for device 'Site9R3.lab.Rconfig.com' successful (File: /home/rconfig/lib/showCmdScript.php)
2016-05-15 01:04:26 CONN Success: Show Command 'show ip access-list' for device 'Site9R3.lab.Rconfig.com' successful (File: /home/rconfig/lib/showCmdScript.php)
2016-05-15 01:04:26 CONN Success: Show Command 'show ip route' for device 'Site9R3.lab.Rconfig.com' successful (File: /home/rconfig/lib/showCmdScript.php)
2016-05-15 01:04:26 CONN Success: Show Command 'Show Ip BGP Neigh' for device 'Site9R3.lab.Rconfig.com' successful (File: /home/rconfig/lib/showCmdScript.php)
2016-05-15 01:04:27 CONN Success: Show Command 'show logg' for device 'Site9R3.lab.Rconfig.com' successful (File: /home/rconfig/lib/showCmdScript.php)
2016-05-15 01:04:30 CONN Success: Show Command 'show run' for device 'Site9R3.lab.Rconfig.com' successful (File: /home/rconfig/lib/showCmdScript.php)
2016-05-15 01:04:32 CONN Success: Connected to Site10R1.lab.Rconfig.com (172.16.0.110) for taskID 709001 - in (File: /home/rconfig/lib/showCmdScript.php)
2016-05-15 01:04:32 CONN Success: Show Command 'show startup-config' for device 'Site10R1.lab.Rconfig.com' successful (File: /home/rconfig/lib/showCmdScript.php)
2016-05-15 01:04:32 CONN Success: Show Command 'show cdp neigh' for device 'Site10R1.lab.Rconfig.com' successful (File: /home/rconfig/lib/showCmdScript.php)
2016-05-15 01:04:33 CONN Success: Show Command 'show ip access-list' for device 'Site10R1.lab.Rconfig.com' successful (File: /home/rconfig/lib/showCmdScript.php)
2016-05-15 01:04:33 CONN Success: Show Command 'show ip route' for device 'Site10R1.lab.Rconfig.com' successful (File: /home/rconfig/lib/showCmdScript.php)
2016-05-15 01:04:33 CONN Success: Show Command 'Show Ip BGP Neigh' for device 'Site10R1.lab.Rconfig.com' successful (File: /home/rconfig/lib/showCmdScript.php)
2016-05-15 01:04:33 CONN Success: Show Command 'show logg' for device 'Site10R1.lab.Rconfig.com' successful (File: /home/rconfig/lib/showCmdScript.php)
2016-05-15 01:04:38 CONN Success: Show Command 'show run' for device 'Site10R1.lab.Rconfig.com' successful (File: /home/rconfig/lib/showCmdScript.php)
2016-05-15 01:04:40 CONN Success: Connected to Site10R2.lab.Rconfig.com (172.16.0.114) for taskID 709001 - in (File: /home/rconfig/lib/showCmdScript.php)
2016-05-15 01:04:40 CONN Success: Show Command 'show startup-config' for device 'Site10R2.lab.Rconfig.com' successful (File: /home/rconfig/lib/showCmdScript.php)
2016-05-15 01:04:41 CONN Success: Show Command 'show cdp neigh' for device 'Site10R2.lab.Rconfig.com' successful (File: /home/rconfig/lib/showCmdScript.php)
2016-05-15 01:04:41 CONN Success: Show Command 'show ip access-list' for device 'Site10R2.lab.Rconfig.com' successful (File: /home/rconfig/lib/showCmdScript.php)
2016-05-15 01:04:41 CONN Success: Show Command 'show ip route' for device 'Site10R2.lab.Rconfig.com' successful (File: /home/rconfig/lib/showCmdScript.php)
2016-05-15 01:04:41 CONN Success: Show Command 'Show Ip BGP Neigh' for device 'Site10R2.lab.Rconfig.com' successful (File: /home/rconfig/lib/showCmdScript.php)
2016-05-15 01:04:41 CONN Success: Show Command 'show logg' for device 'Site10R2.lab.Rconfig.com' successful (File: /home/rconfig/lib/showCmdScript.php)
2016-05-15 01:04:45 CONN Success: Show Command 'show run' for device 'Site10R2.lab.Rconfig.com' successful (File: /home/rconfig/lib/showCmdScript.php)
2016-05-15 01:04:46 CONN Success: Connected to Site10R3.lab.Rconfig.com (172.16.0.118) for taskID 709001 - in (File: /home/rconfig/lib/showCmdScript.php)
2016-05-15 01:04:47 CONN Success: Show Command 'show startup-config' for device 'Site10R3.lab.Rconfig.com' successful (File: /home/rconfig/lib/showCmdScript.php)
2016-05-15 01:04:47 CONN Success: Show Command 'show cdp neigh' for device 'Site10R3.lab.Rconfig.com' successful (File: /home/rconfig/lib/showCmdScript.php)
2016-05-15 01:04:47 CONN Success: Show Command 'show ip access-list' for device 'Site10R3.lab.Rconfig.com' successful (File: /home/rconfig/lib/showCmdScript.php)
2016-05-15 01:04:47 CONN Success: Show Command 'show ip route' for device 'Site10R3.lab.Rconfig.com' successful (File: /home/rconfig/lib/showCmdScript.php)
2016-05-15 01:04:47 CONN Success: Show Command 'Show Ip BGP Neigh' for device 'Site10R3.lab.Rconfig.com' successful (File: /home/rconfig/lib/showCmdScript.php)
2016-05-15 01:04:48 CONN Success: Show Command 'show logg' for device 'Site10R3.lab.Rconfig.com' successful (File: /home/rconfig/lib/showCmdScript.php)
2016-05-15 01:04:51 CONN Success: Show Command 'show run' for device 'Site10R3.lab.Rconfig.com' successful (File: /home/rconfig/lib/showCmdScript.php)
2016-05-15 01:04:52 CONN Success: Connected to Site11R1.lab.Rconfig.com (172.16.0.122) for taskID 709001 - in (File: /home/rconfig/lib/showCmdScript.php)
2016-05-15 01:04:53 CONN Success: Show Command 'show startup-config' for device 'Site11R1.lab.Rconfig.com' successful (File: /home/rconfig/lib/showCmdScript.php)
2016-05-15 01:04:53 CONN Success: Show Command 'show cdp neigh' for device 'Site11R1.lab.Rconfig.com' successful (File: /home/rconfig/lib/showCmdScript.php)
2016-05-15 01:04:53 CONN Success: Show Command 'show ip access-list' for device 'Site11R1.lab.Rconfig.com' successful (File: /home/rconfig/lib/showCmdScript.php)
2016-05-15 01:04:54 CONN Success: Show Command 'show ip route' for device 'Site11R1.lab.Rconfig.com' successful (File: /home/rconfig/lib/showCmdScript.php)
2016-05-15 01:04:54 CONN Success: Show Command 'Show Ip BGP Neigh' for device 'Site11R1.lab.Rconfig.com' successful (File: /home/rconfig/lib/showCmdScript.php)
2016-05-15 01:04:54 CONN Success: Show Command 'show logg' for device 'Site11R1.lab.Rconfig.com' successful (File: /home/rconfig/lib/showCmdScript.php)
2016-05-15 01:04:57 CONN Success: Show Command 'show run' for device 'Site11R1.lab.Rconfig.com' successful (File: /home/rconfig/lib/showCmdScript.php)
2016-05-15 01:04:59 CONN Success: Connected to Site11R2.lab.Rconfig.com (172.16.0.126) for taskID 709001 - in (File: /home/rconfig/lib/showCmdScript.php)
2016-05-15 01:04:59 CONN Success: Show Command 'show startup-config' for device 'Site11R2.lab.Rconfig.com' successful (File: /home/rconfig/lib/showCmdScript.php)
2016-05-15 01:05:00 CONN Success: Show Command 'show cdp neigh' for device 'Site11R2.lab.Rconfig.com' successful (File: /home/rconfig/lib/showCmdScript.php)
2016-05-15 01:05:00 CONN Success: Show Command 'show ip access-list' for device 'Site11R2.lab.Rconfig.com' successful (File: /home/rconfig/lib/showCmdScript.php)
2016-05-15 01:05:00 CONN Success: Show Command 'show ip route' for device 'Site11R2.lab.Rconfig.com' successful (File: /home/rconfig/lib/showCmdScript.php)
2016-05-15 01:05:00 CONN Success: Show Command 'Show Ip BGP Neigh' for device 'Site11R2.lab.Rconfig.com' successful (File: /home/rconfig/lib/showCmdScript.php)
2016-05-15 01:05:01 CONN Success: Show Command 'show logg' for device 'Site11R2.lab.Rconfig.com' successful (File: /home/rconfig/lib/showCmdScript.php)
2016-05-15 01:05:06 CONN Success: Show Command 'show run' for device 'Site11R2.lab.Rconfig.com' successful (File: /home/rconfig/lib/showCmdScript.php)
2016-05-15 01:05:08 CONN Success: Connected to Site11R3.lab.Rconfig.com (172.16.0.130) for taskID 709001 - in (File: /home/rconfig/lib/showCmdScript.php)
2016-05-15 01:05:09 CONN Success: Show Command 'show startup-config' for device 'Site11R3.lab.Rconfig.com' successful (File: /home/rconfig/lib/showCmdScript.php)
2016-05-15 01:05:09 CONN Success: Show Command 'show cdp neigh' for device 'Site11R3.lab.Rconfig.com' successful (File: /home/rconfig/lib/showCmdScript.php)
2016-05-15 01:05:09 CONN Success: Show Command 'show ip access-list' for device 'Site11R3.lab.Rconfig.com' successful (File: /home/rconfig/lib/showCmdScript.php)
2016-05-15 01:05:09 CONN Success: Show Command 'show ip route' for device 'Site11R3.lab.Rconfig.com' successful (File: /home/rconfig/lib/showCmdScript.php)
2016-05-15 01:05:09 CONN Success: Show Command 'Show Ip BGP Neigh' for device 'Site11R3.lab.Rconfig.com' successful (File: /home/rconfig/lib/showCmdScript.php)
2016-05-15 01:05:10 CONN Success: Show Command 'show logg' for device 'Site11R3.lab.Rconfig.com' successful (File: /home/rconfig/lib/showCmdScript.php)
2016-05-15 01:05:15 CONN Success: Show Command 'show run' for device 'Site11R3.lab.Rconfig.com' successful (File: /home/rconfig/lib/showCmdScript.php)
2016-05-15 01:05:17 CONN Success: Connected to Site12R1.lab.Rconfig.com (172.16.0.134) for taskID 709001 - in (File: /home/rconfig/lib/showCmdScript.php)
2016-05-15 01:05:17 CONN Success: Show Command 'show startup-config' for device 'Site12R1.lab.Rconfig.com' successful (File: /home/rconfig/lib/showCmdScript.php)
2016-05-15 01:05:17 CONN Success: Show Command 'show cdp neigh' for device 'Site12R1.lab.Rconfig.com' successful (File: /home/rconfig/lib/showCmdScript.php)
2016-05-15 01:05:18 CONN Success: Show Command 'show ip access-list' for device 'Site12R1.lab.Rconfig.com' successful (File: /home/rconfig/lib/showCmdScript.php)
2016-05-15 01:05:18 CONN Success: Show Command 'show ip route' for device 'Site12R1.lab.Rconfig.com' successful (File: /home/rconfig/lib/showCmdScript.php)
2016-05-15 01:05:18 CONN Success: Show Command 'Show Ip BGP Neigh' for device 'Site12R1.lab.Rconfig.com' successful (File: /home/rconfig/lib/showCmdScript.php)
2016-05-15 01:05:18 CONN Success: Show Command 'show logg' for device 'Site12R1.lab.Rconfig.com' successful (File: /home/rconfig/lib/showCmdScript.php)
2016-05-15 01:05:22 CONN Success: Show Command 'show run' for device 'Site12R1.lab.Rconfig.com' successful (File: /home/rconfig/lib/showCmdScript.php)
2016-05-15 01:05:24 CONN Success: Connected to Site12R2.lab.Rconfig.com (172.16.0.138) for taskID 709001 - in (File: /home/rconfig/lib/showCmdScript.php)
2016-05-15 01:05:24 CONN Success: Show Command 'show startup-config' for device 'Site12R2.lab.Rconfig.com' successful (File: /home/rconfig/lib/showCmdScript.php)
2016-05-15 01:05:24 CONN Success: Show Command 'show cdp neigh' for device 'Site12R2.lab.Rconfig.com' successful (File: /home/rconfig/lib/showCmdScript.php)
2016-05-15 01:05:25 CONN Success: Show Command 'show ip access-list' for device 'Site12R2.lab.Rconfig.com' successful (File: /home/rconfig/lib/showCmdScript.php)
2016-05-15 01:05:25 CONN Success: Show Command 'show ip route' for device 'Site12R2.lab.Rconfig.com' successful (File: /home/rconfig/lib/showCmdScript.php)
2016-05-15 01:05:25 CONN Success: Show Command 'Show Ip BGP Neigh' for device 'Site12R2.lab.Rconfig.com' successful (File: /home/rconfig/lib/showCmdScript.php)
2016-05-15 01:05:26 CONN Success: Show Command 'show logg' for device 'Site12R2.lab.Rconfig.com' successful (File: /home/rconfig/lib/showCmdScript.php)
2016-05-15 01:05:29 CONN Success: Show Command 'show run' for device 'Site12R2.lab.Rconfig.com' successful (File: /home/rconfig/lib/showCmdScript.php)
2016-05-15 01:05:30 CONN Success: Connected to Site12R3.lab.Rconfig.com (172.16.0.142) for taskID 709001 - in (File: /home/rconfig/lib/showCmdScript.php)
2016-05-15 01:05:31 CONN Success: Show Command 'show startup-config' for device 'Site12R3.lab.Rconfig.com' successful (File: /home/rconfig/lib/showCmdScript.php)
2016-05-15 01:05:31 CONN Success: Show Command 'show cdp neigh' for device 'Site12R3.lab.Rconfig.com' successful (File: /home/rconfig/lib/showCmdScript.php)
2016-05-15 01:05:31 CONN Success: Show Command 'show ip access-list' for device 'Site12R3.lab.Rconfig.com' successful (File: /home/rconfig/lib/showCmdScript.php)
2016-05-15 01:05:32 CONN Success: Show Command 'show ip route' for device 'Site12R3.lab.Rconfig.com' successful (File: /home/rconfig/lib/showCmdScript.php)
2016-05-15 01:05:32 CONN Success: Show Command 'Show Ip BGP Neigh' for device 'Site12R3.lab.Rconfig.com' successful (File: /home/rconfig/lib/showCmdScript.php)
2016-05-15 01:05:32 CONN Success: Show Command 'show logg' for device 'Site12R3.lab.Rconfig.com' successful (File: /home/rconfig/lib/showCmdScript.php)
2016-05-15 01:05:35 CONN Success: Show Command 'show run' for device 'Site12R3.lab.Rconfig.com' successful (File: /home/rconfig/lib/showCmdScript.php)
2016-05-15 01:05:37 CONN Success: Connected to Site1R1Lo1.lab.rconfig.com (172.16.1.1) for taskID 709001 - in (File: /home/rconfig/lib/showCmdScript.php)
2016-05-15 01:05:38 CONN Success: Show Command 'show startup-config' for device 'Site1R1Lo1.lab.rconfig.com' successful (File: /home/rconfig/lib/showCmdScript.php)
2016-05-15 01:05:38 CONN Success: Show Command 'show cdp neigh' for device 'Site1R1Lo1.lab.rconfig.com' successful (File: /home/rconfig/lib/showCmdScript.php)
2016-05-15 01:05:38 CONN Success: Show Command 'show ip access-list' for device 'Site1R1Lo1.lab.rconfig.com' successful (File: /home/rconfig/lib/showCmdScript.php)
2016-05-15 01:05:38 CONN Success: Show Command 'show ip route' for device 'Site1R1Lo1.lab.rconfig.com' successful (File: /home/rconfig/lib/showCmdScript.php)
2016-05-15 01:05:38 CONN Success: Show Command 'Show Ip BGP Neigh' for device 'Site1R1Lo1.lab.rconfig.com' successful (File: /home/rconfig/lib/showCmdScript.php)
2016-05-15 01:05:39 CONN Success: Show Command 'show logg' for device 'Site1R1Lo1.lab.rconfig.com' successful (File: /home/rconfig/lib/showCmdScript.php)
2016-05-15 01:05:43 CONN Success: Show Command 'show run' for device 'Site1R1Lo1.lab.rconfig.com' successful (File: /home/rconfig/lib/showCmdScript.php)
2016-05-15 01:05:45 CONN Success: Connected to Site1R1Lo2.lab.rconfig.com (172.16.2.1) for taskID 709001 - in (File: /home/rconfig/lib/showCmdScript.php)
2016-05-15 01:05:45 CONN Success: Show Command 'show startup-config' for device 'Site1R1Lo2.lab.rconfig.com' successful (File: /home/rconfig/lib/showCmdScript.php)
2016-05-15 01:05:45 CONN Success: Show Command 'show cdp neigh' for device 'Site1R1Lo2.lab.rconfig.com' successful (File: /home/rconfig/lib/showCmdScript.php)
2016-05-15 01:05:45 CONN Success: Show Command 'show ip access-list' for device 'Site1R1Lo2.lab.rconfig.com' successful (File: /home/rconfig/lib/showCmdScript.php)
2016-05-15 01:05:46 CONN Success: Show Command 'show ip route' for device 'Site1R1Lo2.lab.rconfig.com' successful (File: /home/rconfig/lib/showCmdScript.php)
2016-05-15 01:05:46 CONN Success: Show Command 'Show Ip BGP Neigh' for device 'Site1R1Lo2.lab.rconfig.com' successful (File: /home/rconfig/lib/showCmdScript.php)
2016-05-15 01:05:46 CONN Success: Show Command 'show logg' for device 'Site1R1Lo2.lab.rconfig.com' successful (File: /home/rconfig/lib/showCmdScript.php)
2016-05-15 01:05:49 CONN Success: Show Command 'show run' for device 'Site1R1Lo2.lab.rconfig.com' successful (File: /home/rconfig/lib/showCmdScript.php)
2016-05-15 01:05:51 CONN Success: Connected to Site1R1Lo3.lab.rconfig.com (172.16.3.1) for taskID 709001 - in (File: /home/rconfig/lib/showCmdScript.php)
2016-05-15 01:05:51 CONN Success: Show Command 'show startup-config' for device 'Site1R1Lo3.lab.rconfig.com' successful (File: /home/rconfig/lib/showCmdScript.php)
2016-05-15 01:05:51 CONN Success: Show Command 'show cdp neigh' for device 'Site1R1Lo3.lab.rconfig.com' successful (File: /home/rconfig/lib/showCmdScript.php)
2016-05-15 01:05:52 CONN Success: Show Command 'show ip access-list' for device 'Site1R1Lo3.lab.rconfig.com' successful (File: /home/rconfig/lib/showCmdScript.php)
2016-05-15 01:05:52 CONN Success: Show Command 'show ip route' for device 'Site1R1Lo3.lab.rconfig.com' successful (File: /home/rconfig/lib/showCmdScript.php)
2016-05-15 01:05:52 CONN Success: Show Command 'Show Ip BGP Neigh' for device 'Site1R1Lo3.lab.rconfig.com' successful (File: /home/rconfig/lib/showCmdScript.php)
2016-05-15 01:05:52 CONN Success: Show Command 'show logg' for device 'Site1R1Lo3.lab.rconfig.com' successful (File: /home/rconfig/lib/showCmdScript.php)
2016-05-15 01:05:55 CONN Success: Show Command 'show run' for device 'Site1R1Lo3.lab.rconfig.com' successful (File: /home/rconfig/lib/showCmdScript.php)
2016-05-15 21:58:52 CONN Success: Connected via SSH to headend.lab.Rconfig.com (20.0.0.2) for command (show cdp neigh) for Router ID 13 - in (File: /lib/ajaxHandlers/ajaxDownloadNow.php)
2016-05-15 21:58:52 CONN Success: Show Command 'show cdp neigh' for device 'headend.lab.Rconfig.com' successful (File: /lib/ajaxHandlers/ajaxDownloadNow.php)
2016-05-15 21:58:53 CONN Failure: Unable to connect via SSH to headend.lab.Rconfig.com - 20.0.0.2 for command (show ip access-list)  when running Router ID 13 - in  Error:(File: /lib/ajaxHandlers/ajaxDownloadNow.php)
2016-05-15 21:58:53 CONN Success: Show Command 'show ip access-list' for device 'headend.lab.Rconfig.com' successful (File: /lib/ajaxHandlers/ajaxDownloadNow.php)
2016-05-15 21:58:55 CONN Success: Connected via SSH to headend.lab.Rconfig.com (20.0.0.2) for command (show ip route) for Router ID 13 - in (File: /lib/ajaxHandlers/ajaxDownloadNow.php)
2016-05-15 21:58:55 CONN Success: Show Command 'show ip route' for device 'headend.lab.Rconfig.com' successful (File: /lib/ajaxHandlers/ajaxDownloadNow.php)
2016-05-15 21:58:56 CONN Success: Connected via SSH to headend.lab.Rconfig.com (20.0.0.2) for command (Show Ip BGP Neigh) for Router ID 13 - in (File: /lib/ajaxHandlers/ajaxDownloadNow.php)
2016-05-15 21:58:56 CONN Success: Show Command 'Show Ip BGP Neigh' for device 'headend.lab.Rconfig.com' successful (File: /lib/ajaxHandlers/ajaxDownloadNow.php)
2016-05-15 21:58:57 CONN Success: Connected via SSH to headend.lab.Rconfig.com (20.0.0.2) for command (show logg) for Router ID 13 - in (File: /lib/ajaxHandlers/ajaxDownloadNow.php)
2016-05-15 21:58:57 CONN Success: Show Command 'show logg' for device 'headend.lab.Rconfig.com' successful (File: /lib/ajaxHandlers/ajaxDownloadNow.php)
2016-05-15 21:59:05 CONN Success: Connected via SSH to headend.lab.Rconfig.com (20.0.0.2) for command (show run) for Router ID 13 - in (File: /lib/ajaxHandlers/ajaxDownloadNow.php)
2016-05-15 21:59:05 CONN Success: Show Command 'show run' for device 'headend.lab.Rconfig.com' successful (File: /lib/ajaxHandlers/ajaxDownloadNow.php)
2016-05-15 21:59:05 CONN Command or Prompt Empty - for function switch in  Success:(File: /lib/ajaxHandlers/ajaxDownloadNow.php)
