2016-04-23 08:45:50 FATAL Error: Task ID not Set - unable to run script (File: lib/compareReportScript.php)
2016-04-23 09:08:32 FATAL Error: Task ID not Set - unable to run script (File: lib/compareStartRunReport.php)
2016-04-23 10:08:34 FATAL Error: Task ID not Set - unable to run script (File: lib/compareReportScript.php)
2016-04-23 10:08:41 FATAL Error: Task ID not Set - unable to run script (File: lib/compareReportScript.php)
2016-04-23 10:54:58 FATAL Error: Task ID not Set - unable to run script (File: lib/compareReportScript.php)
2016-04-23 10:55:35 FATAL Error: Task ID not Set - unable to run script (File: lib/compareReportScript.php)
2016-04-23 10:55:35 FATAL Error: Task ID not Set - unable to run script (File: lib/compareReportScript.php)
2016-04-23 10:55:55 FATAL Error: Task ID not Set - unable to run script (File: lib/compareReportScript.php)
2016-04-23 10:58:00 FATAL Error: Task ID not Set - unable to run script (File: lib/compareReportScript.php)
2016-04-23 10:58:05 FATAL Error: Task ID not Set - unable to run script (File: lib/compareReportScript.php)
2016-04-23 10:58:19 FATAL Error: Task ID not Set - unable to run script (File: lib/compareReportScript.php)
2016-04-23 10:58:56 FATAL Error: Task ID not Set - unable to run script (File: lib/compareReportScript.php)
2016-04-23 11:17:46 FATAL Error: Task ID not Set - unable to run script (File: lib/configCategoryScript.php)
2016-04-23 11:18:04 FATAL Error: Task ID not Set - unable to run script (File: lib/configCategoryScript.php)
2016-04-23 11:18:24 FATAL Error: Task ID not Set - unable to run script (File: lib/configCategoryScript.php)
2016-04-24 08:13:21 FATAL Error: Task ID not Set - unable to run script (File: lib/showCmdScript.php)
2016-04-24 08:13:47 FATAL Error: Task ID not Set - unable to run script (File: lib/showCmdScript.php)
2016-04-24 08:13:54 FATAL Error: Task ID not Set - unable to run script (File: lib/showCmdScript.php)
2016-04-24 08:14:06 FATAL Error: Task ID not Set - unable to run script (File: lib/showCmdScript.php)
2016-04-24 08:23:00 FATAL Error: Task ID not Set - unable to run script (File: lib/configCategoryScript.php)
2016-04-24 08:23:08 FATAL Error: Task ID not Set - unable to run script (File: lib/configCategoryScript.php)
2016-04-24 08:43:46 FATAL Error: Task ID not Set - unable to run script (File: lib/configDeployScript.php)
2016-04-24 08:43:48 FATAL Error: Task ID not Set - unable to run script (File: lib/configDeployScript.php)
2016-04-24 08:48:44 FATAL Error: You are not allowed to invoke this script from the CLI - unable to run script (File: lib/configDeviceScript.php)
