2016-05-27 14:07:59 INFO The /home/rconfig/lib/showCmdScript.php script was run from a manual invocation on a shell with Task ID:407499
2016-05-27 14:14:14 INFO Info: rConfig Report - All Routers Download - Daily Email Report sent to :stephen@rconfig.com (stephen&#64;rconfig.com)
2016-05-27 14:14:14 INFO The owner permisions for directory /home/rconfig/data/ were reset to owner apache because script was run interactively
2016-05-28 14:17:18 INFO The /home/rconfig/lib/showCmdScript.php script was run from a manual invocation on a shell with Task ID:407499
2016-05-28 14:23:51 INFO Info: rConfig Report - All Routers Download - Daily Email Report sent to :stephen@rconfig.com (stephen&#64;rconfig.com)
2016-05-28 14:23:51 INFO The owner permisions for directory /home/rconfig/data/ were reset to owner apache because script was run interactively
2016-05-29 14:27:01 INFO The /home/rconfig/lib/showCmdScript.php script was run from a manual invocation on a shell with Task ID:407499
2016-05-29 14:33:38 INFO Info: rConfig Report - All Routers Download - Daily Email Report sent to :stephen@rconfig.com (stephen&#64;rconfig.com)
2016-05-29 14:33:38 INFO The owner permisions for directory /home/rconfig/data/ were reset to owner apache because script was run interactively
2016-06-01 14:43:04 INFO The /home/rconfig/lib/showCmdScript.php script was run from a manual invocation on a shell with Task ID:407499
2016-06-01 14:49:43 INFO Info: rConfig Report - All Routers Download - Daily Email Report sent to :stephen@rconfig.com (stephen&#64;rconfig.com)
2016-06-01 14:49:43 INFO The owner permisions for directory /home/rconfig/data/ were reset to owner apache because script was run interactively
2016-06-01 14:50:28 INFO Info: Test Message sent to :stephen@rconfig.com (stephen&#64;rconfig.com)
2016-06-02 14:52:10 INFO The /home/rconfig/lib/showCmdScript.php script was run from a manual invocation on a shell with Task ID:407499
2016-06-02 14:58:38 INFO Info: rConfig Report - All Routers Download - Daily Email Report sent to :stephen@rconfig.com (stephen&#64;rconfig.com)
2016-06-02 14:58:38 INFO The owner permisions for directory /home/rconfig/data/ were reset to owner apache because script was run interactively
2016-06-02 15:08:13 INFO The /lib/ajaxHandlers/ajaxConfigDevice.php script was run manually invoked with Router ID: 13 & Snippet ID: 9 
2016-06-02 15:08:23 INFO Info: Email Report sent to :stephen@rconfig.com (stephen&#64;rconfig.com)
2016-06-02 15:08:23 INFO The /lib/ajaxHandlers/ajaxConfigDevice.php script was run manually invoked with Router ID: 13 & Snippet ID: 9 
2016-06-02 15:08:32 INFO Info: Email Report sent to :stephen@rconfig.com (stephen&#64;rconfig.com)
2016-06-02 15:08:32 INFO The /lib/ajaxHandlers/ajaxConfigDevice.php script was run manually invoked with Router ID: 13 & Snippet ID: 9 
2016-06-02 15:08:43 INFO Info: Email Report sent to :stephen@rconfig.com (stephen&#64;rconfig.com)
2016-06-02 15:08:56 INFO The /lib/ajaxHandlers/ajaxConfigDevice.php script was run manually invoked with Router ID: 13 & Snippet ID: 7 
2016-06-03 15:09:02 INFO The /home/rconfig/lib/showCmdScript.php script was run from a manual invocation on a shell with Task ID:407499
2016-06-03 15:09:09 INFO Info: Email Report sent to :stephen@rconfig.com (stephen&#64;rconfig.com)
2016-06-03 15:10:32 INFO The /lib/ajaxHandlers/ajaxDownloadNow.php script was run manually invoked with Router ID: 13 
2016-06-03 15:11:45 INFO Success: Edited Policy Router Baseline Compliance Policy to DB (File: /lib/crud/compliancepolicies.crud.php)
2016-06-03 15:12:07 INFO Success: Edited Report Ntp Report to DB (File: /lib/crud/compliancereports.crud.php)
2016-06-03 15:15:55 INFO Info: rConfig Report - All Routers Download - Daily Email Report sent to :stephen@rconfig.com (stephen&#64;rconfig.com)
2016-06-03 15:15:55 INFO The owner permisions for directory /home/rconfig/data/ were reset to owner apache because script was run interactively
2016-06-04 15:18:50 INFO The /home/rconfig/lib/showCmdScript.php script was run from a manual invocation on a shell with Task ID:407499
2016-06-04 15:25:35 INFO Info: rConfig Report - All Routers Download - Daily Email Report sent to :stephen@rconfig.com (stephen&#64;rconfig.com)
2016-06-04 15:25:35 INFO The owner permisions for directory /home/rconfig/data/ were reset to owner apache because script was run interactively
2016-06-04 15:34:16 INFO The /home/rconfig/lib/showCmdScript.php script was run from a manual invocation on a shell with Task ID:407499
2016-06-06 15:34:52 INFO The /home/rconfig/lib/showCmdScript.php script was run from a manual invocation on a shell with Task ID:407499
2016-06-06 15:41:31 INFO Info: rConfig Report - All Routers Download - Daily Email Report sent to :stephen@rconfig.com (stephen&#64;rconfig.com)
2016-06-06 15:41:31 INFO The owner permisions for directory /home/rconfig/data/ were reset to owner apache because script was run interactively
2016-06-08 15:41:31 INFO The /home/rconfig/lib/showCmdScript.php script was run from a manual invocation on a shell with Task ID:407499
2016-06-08 15:48:25 INFO Info: rConfig Report - All Routers Download - Daily Email Report sent to :stephen@rconfig.com (stephen&#64;rconfig.com)
2016-06-08 15:48:25 INFO The owner permisions for directory /home/rconfig/data/ were reset to owner apache because script was run interactively
2016-06-09 15:48:25 INFO The /home/rconfig/lib/showCmdScript.php script was run from a manual invocation on a shell with Task ID:407499
2016-06-09 15:55:15 INFO Info: rConfig Report - All Routers Download - Daily Email Report sent to :stephen@rconfig.com (stephen&#64;rconfig.com)
2016-06-09 15:55:15 INFO The owner permisions for directory /home/rconfig/data/ were reset to owner apache because script was run interactively
2016-06-10 15:55:15 INFO The /home/rconfig/lib/showCmdScript.php script was run from a manual invocation on a shell with Task ID:407499
2016-06-10 16:02:05 INFO Info: rConfig Report - All Routers Download - Daily Email Report sent to :stephen@rconfig.com (stephen&#64;rconfig.com)
2016-06-10 16:02:05 INFO The owner permisions for directory /home/rconfig/data/ were reset to owner apache because script was run interactively
2016-06-11 16:02:05 INFO The /home/rconfig/lib/showCmdScript.php script was run from a manual invocation on a shell with Task ID:407499
2016-06-11 16:08:53 INFO Info: rConfig Report - All Routers Download - Daily Email Report sent to :stephen@rconfig.com (stephen&#64;rconfig.com)
2016-06-11 16:08:53 INFO The owner permisions for directory /home/rconfig/data/ were reset to owner apache because script was run interactively
2016-06-12 16:08:53 INFO The /home/rconfig/lib/showCmdScript.php script was run from a manual invocation on a shell with Task ID:407499
2016-06-12 16:15:39 INFO Info: rConfig Report - All Routers Download - Daily Email Report sent to :stephen@rconfig.com (stephen&#64;rconfig.com)
2016-06-12 16:15:40 INFO The owner permisions for directory /home/rconfig/data/ were reset to owner apache because script was run interactively
2016-06-13 16:15:40 INFO The /home/rconfig/lib/showCmdScript.php script was run from a manual invocation on a shell with Task ID:407499
2016-06-13 16:22:29 INFO Info: rConfig Report - All Routers Download - Daily Email Report sent to :stephen@rconfig.com (stephen&#64;rconfig.com)
2016-06-13 16:22:29 INFO The owner permisions for directory /home/rconfig/data/ were reset to owner apache because script was run interactively
2016-06-14 16:22:29 INFO The /home/rconfig/lib/showCmdScript.php script was run from a manual invocation on a shell with Task ID:407499
2016-06-14 16:29:18 INFO Info: rConfig Report - All Routers Download - Daily Email Report sent to :stephen@rconfig.com (stephen&#64;rconfig.com)
2016-06-14 16:29:18 INFO The owner permisions for directory /home/rconfig/data/ were reset to owner apache because script was run interactively
2016-06-15 16:29:18 INFO The /home/rconfig/lib/showCmdScript.php script was run from a manual invocation on a shell with Task ID:407499
2016-06-15 16:36:10 INFO Info: rConfig Report - All Routers Download - Daily Email Report sent to :stephen@rconfig.com (stephen&#64;rconfig.com)
2016-06-15 16:36:10 INFO The owner permisions for directory /home/rconfig/data/ were reset to owner apache because script was run interactively
2016-06-16 16:36:10 INFO The /home/rconfig/lib/showCmdScript.php script was run from a manual invocation on a shell with Task ID:407499
2016-06-17 16:49:58 INFO The /home/rconfig/lib/showCmdScript.php script was run from a manual invocation on a shell with Task ID:407499
2016-06-17 16:56:48 INFO Info: rConfig Report - All Routers Download - Daily Email Report sent to :stephen@rconfig.com (stephen&#64;rconfig.com)
2016-06-17 16:56:48 INFO The owner permisions for directory /home/rconfig/data/ were reset to owner apache because script was run interactively
2016-06-18 16:56:48 INFO The /home/rconfig/lib/showCmdScript.php script was run from a manual invocation on a shell with Task ID:407499
2016-06-18 17:03:32 INFO Info: rConfig Report - All Routers Download - Daily Email Report sent to :stephen@rconfig.com (stephen&#64;rconfig.com)
2016-06-18 17:03:32 INFO The owner permisions for directory /home/rconfig/data/ were reset to owner apache because script was run interactively
2016-06-19 17:03:32 INFO The /home/rconfig/lib/showCmdScript.php script was run from a manual invocation on a shell with Task ID:407499
2016-06-19 17:10:23 INFO Info: rConfig Report - All Routers Download - Daily Email Report sent to :stephen@rconfig.com (stephen&#64;rconfig.com)
2016-06-19 17:10:23 INFO The owner permisions for directory /home/rconfig/data/ were reset to owner apache because script was run interactively
2016-06-20 17:10:23 INFO The /home/rconfig/lib/showCmdScript.php script was run from a manual invocation on a shell with Task ID:407499
2016-06-20 17:17:18 INFO Info: rConfig Report - All Routers Download - Daily Email Report sent to :stephen@rconfig.com (stephen&#64;rconfig.com)
2016-06-20 17:17:18 INFO The owner permisions for directory /home/rconfig/data/ were reset to owner apache because script was run interactively
2016-06-21 17:17:18 INFO The /home/rconfig/lib/showCmdScript.php script was run from a manual invocation on a shell with Task ID:407499
2016-06-21 17:24:16 INFO Info: rConfig Report - All Routers Download - Daily Email Report sent to :stephen@rconfig.com (stephen&#64;rconfig.com)
2016-06-21 17:24:16 INFO The owner permisions for directory /home/rconfig/data/ were reset to owner apache because script was run interactively
2016-06-22 17:24:16 INFO The /home/rconfig/lib/showCmdScript.php script was run from a manual invocation on a shell with Task ID:407499
2016-06-22 17:31:13 INFO Info: rConfig Report - All Routers Download - Daily Email Report sent to :stephen@rconfig.com (stephen&#64;rconfig.com)
2016-06-22 17:31:13 INFO The owner permisions for directory /home/rconfig/data/ were reset to owner apache because script was run interactively
2016-06-23 17:31:13 INFO The /home/rconfig/lib/showCmdScript.php script was run from a manual invocation on a shell with Task ID:407499
2016-06-23 17:38:03 INFO Info: rConfig Report - All Routers Download - Daily Email Report sent to :stephen@rconfig.com (stephen&#64;rconfig.com)
2016-06-23 17:38:03 INFO The owner permisions for directory /home/rconfig/data/ were reset to owner apache because script was run interactively
2016-06-24 17:38:03 INFO The /home/rconfig/lib/showCmdScript.php script was run from a manual invocation on a shell with Task ID:407499
2016-06-24 17:44:55 INFO Info: rConfig Report - All Routers Download - Daily Email Report sent to :stephen@rconfig.com (stephen&#64;rconfig.com)
2016-06-24 17:44:56 INFO The owner permisions for directory /home/rconfig/data/ were reset to owner apache because script was run interactively
2016-06-25 17:44:56 INFO The /home/rconfig/lib/showCmdScript.php script was run from a manual invocation on a shell with Task ID:407499
2016-06-25 17:51:53 INFO Info: rConfig Report - All Routers Download - Daily Email Report sent to :stephen@rconfig.com (stephen&#64;rconfig.com)
2016-06-25 17:51:53 INFO The owner permisions for directory /home/rconfig/data/ were reset to owner apache because script was run interactively
2016-06-26 17:51:53 INFO The /home/rconfig/lib/showCmdScript.php script was run from a manual invocation on a shell with Task ID:407499
2016-06-26 17:58:52 INFO Info: rConfig Report - All Routers Download - Daily Email Report sent to :stephen@rconfig.com (stephen&#64;rconfig.com)
2016-06-26 17:58:52 INFO The owner permisions for directory /home/rconfig/data/ were reset to owner apache because script was run interactively
2016-06-27 17:58:52 INFO The /home/rconfig/lib/showCmdScript.php script was run from a manual invocation on a shell with Task ID:407499
2016-06-27 18:00:11 INFO Success: Edit device headend.lab.Rconfig.com in DB successful (File: /lib/crud/devices.crud.php)
2016-06-27 18:00:19 INFO The /lib/ajaxHandlers/ajaxDownloadNow.php script was run manually invoked with Router ID: 13 
2016-06-27 18:03:21 INFO Success: Added task Column to nodes table to DB (File: /lib/crud/scheduler.crud.php)
2016-06-27 18:03:21 INFO Success: Added task Column to nodes table to DB (File: /lib/crud/scheduler.crud.php)
2016-06-27 18:03:21 INFO Success: Added Task to DB (File: /lib/crud/scheduler.crud.php)
2016-06-27 18:03:40 INFO The /home/rconfig/lib/showCmdScript.php script was run from a manual invocation on a shell with Task ID:475667
2016-06-27 18:04:05 INFO Success: Edit device headend.lab.Rconfig.com in DB successful (File: /lib/crud/devices.crud.php)
2016-06-27 18:04:12 INFO The /home/rconfig/lib/showCmdScript.php script was run from a manual invocation on a shell with Task ID:475667
2016-06-27 18:04:26 INFO Success: Edit device headend.lab.Rconfig.com in DB successful (File: /lib/crud/devices.crud.php)
2016-06-27 18:04:29 INFO The /home/rconfig/lib/showCmdScript.php script was run from a manual invocation on a shell with Task ID:475667
2016-06-27 18:05:40 INFO Success: Deleted task 475667 in DB and CRONTAB (File: /lib/crud/scheduler.crud.php)
2016-06-27 18:05:56 INFO Success: Added task Column to nodes table to DB (File: /lib/crud/scheduler.crud.php)
2016-06-27 18:05:56 INFO Success: Added task Column to nodes table to DB (File: /lib/crud/scheduler.crud.php)
2016-06-27 18:05:56 INFO Success: Added Task to DB (File: /lib/crud/scheduler.crud.php)
2016-06-27 18:06:06 INFO The /home/rconfig/lib/showCmdScript.php script was run from a manual invocation on a shell with Task ID:475667
2016-06-27 18:06:18 INFO The /home/rconfig/lib/showCmdScript.php script was run from a manual invocation on a shell with Task ID:407499
2016-06-27 18:08:38 INFO The /home/rconfig/lib/showCmdScript.php script was run from a manual invocation on a shell with Task ID:237073
2016-06-27 18:09:12 INFO Info: rConfig Report - SSH Test Email Report sent to :stephen@rconfig.com (stephen&#64;rconfig.com)
2016-06-27 18:09:12 INFO The owner permisions for directory /home/rconfig/data/ were reset to owner apache because script was run interactively
2016-06-27 18:10:03 INFO The /lib/ajaxHandlers/ajaxDownloadNow.php script was run manually invoked with Router ID: 13 
2016-06-28 00:00:01 INFO The /home/rconfig/lib/showCmdScript.php script was run from crontab ID:407499
2016-06-28 00:07:09 INFO Info: rConfig Report - All Routers Download - Daily Email Report sent to :stephen@rconfig.com (stephen&#64;rconfig.com)
2016-06-28 00:07:09 INFO The owner permisions for directory /home/rconfig/data/ were reset to owner apache because script was run interactively
2016-06-29 00:00:01 INFO The /home/rconfig/lib/showCmdScript.php script was run from crontab ID:407499
2016-06-29 00:06:57 INFO Info: rConfig Report - All Routers Download - Daily Email Report sent to :stephen@rconfig.com (stephen&#64;rconfig.com)
2016-06-29 00:06:57 INFO The owner permisions for directory /home/rconfig/data/ were reset to owner apache because script was run interactively
2016-06-30 00:00:01 INFO The /home/rconfig/lib/showCmdScript.php script was run from crontab ID:407499
2016-06-30 00:06:46 INFO Info: rConfig Report - All Routers Download - Daily Email Report sent to :stephen@rconfig.com (stephen&#64;rconfig.com)
2016-06-30 00:06:47 INFO The owner permisions for directory /home/rconfig/data/ were reset to owner apache because script was run interactively
2016-06-30 11:23:15 INFO Success: Added Snippet to DB (File: /lib/crud/snippets.crud.php)
2016-06-30 11:23:24 INFO The /lib/ajaxHandlers/ajaxConfigDevice.php script was run manually invoked with Router ID: 13 & Snippet ID: 12 
2016-06-30 11:23:33 INFO Info: Email Report sent to :stephen@rconfig.com (stephen&#64;rconfig.com)
2016-06-30 11:23:59 INFO The /lib/ajaxHandlers/ajaxDownloadNow.php script was run manually invoked with Router ID: 13 
2016-06-30 11:24:45 INFO The /lib/ajaxHandlers/ajaxDownloadNow.php script was run manually invoked with Router ID: 23 
2016-06-30 11:25:14 INFO The /lib/ajaxHandlers/ajaxDownloadNow.php script was run manually invoked with Router ID: 23 
2016-06-30 11:27:13 INFO The /lib/ajaxHandlers/ajaxDownloadNow.php script was run manually invoked with Router ID: 23 
2016-06-30 11:27:46 INFO The /lib/ajaxHandlers/ajaxDownloadNow.php script was run manually invoked with Router ID: 23 
2016-06-30 11:28:57 INFO The /lib/ajaxHandlers/ajaxDownloadNow.php script was run manually invoked with Router ID: 23 
2016-06-30 11:31:53 INFO The /lib/ajaxHandlers/ajaxDownloadNow.php script was run manually invoked with Router ID: 23 
2016-06-30 11:32:18 INFO The /lib/ajaxHandlers/ajaxDownloadNow.php script was run manually invoked with Router ID: 23 
2016-06-30 11:33:33 INFO Success: Edit device Site10GW.lab.Rconfig.com in DB successful (File: /lib/crud/devices.crud.php)
2016-06-30 11:33:39 INFO The /lib/ajaxHandlers/ajaxDownloadNow.php script was run manually invoked with Router ID: 23 
2016-06-30 11:33:54 INFO The /lib/ajaxHandlers/ajaxConfigDevice.php script was run manually invoked with Router ID: 23 & Snippet ID: 12 
2016-06-30 11:34:03 INFO Info: Email Report sent to :stephen@rconfig.com (stephen&#64;rconfig.com)
2016-06-30 11:34:22 INFO Success: Edit device Site10GW.lab.Rconfig.com in DB successful (File: /lib/crud/devices.crud.php)
2016-06-30 11:34:36 INFO The /lib/ajaxHandlers/ajaxDownloadNow.php script was run manually invoked with Router ID: 23 
2016-06-30 11:35:30 INFO The /lib/ajaxHandlers/ajaxDownloadNow.php script was run manually invoked with Router ID: 23 
2016-06-30 11:37:30 INFO The /lib/ajaxHandlers/ajaxDownloadNow.php script was run manually invoked with Router ID: 23 
2016-06-30 11:49:21 INFO The /lib/ajaxHandlers/ajaxDownloadNow.php script was run manually invoked with Router ID: 23 
2016-06-30 11:54:18 INFO The /lib/ajaxHandlers/ajaxDownloadNow.php script was run manually invoked with Router ID: 23 
2016-06-30 11:55:09 INFO The /lib/ajaxHandlers/ajaxDownloadNow.php script was run manually invoked with Router ID: 23 
2016-06-30 11:55:57 INFO The /lib/ajaxHandlers/ajaxDownloadNow.php script was run manually invoked with Router ID: 23 
2016-06-30 11:56:30 INFO The /lib/ajaxHandlers/ajaxDownloadNow.php script was run manually invoked with Router ID: 23 
2016-06-30 11:59:24 INFO The /lib/ajaxHandlers/ajaxDownloadNow.php script was run manually invoked with Router ID: 13 
2016-06-30 12:00:02 INFO The /lib/ajaxHandlers/ajaxDownloadNow.php script was run manually invoked with Router ID: 13 
2016-06-30 12:01:23 INFO The /lib/ajaxHandlers/ajaxDownloadNow.php script was run manually invoked with Router ID: 23 
2016-06-30 12:02:03 INFO The /lib/ajaxHandlers/ajaxDownloadNow.php script was run manually invoked with Router ID: 23 
2016-06-30 12:04:18 INFO The /lib/ajaxHandlers/ajaxDownloadNow.php script was run manually invoked with Router ID: 23 
2016-06-30 12:05:09 INFO The /lib/ajaxHandlers/ajaxDownloadNow.php script was run manually invoked with Router ID: 23 
2016-06-30 12:05:46 INFO The /lib/ajaxHandlers/ajaxDownloadNow.php script was run manually invoked with Router ID: 23 
2016-06-30 12:06:36 INFO The /lib/ajaxHandlers/ajaxDownloadNow.php script was run manually invoked with Router ID: 23 
2016-06-30 12:07:10 INFO Success: Edit device Site10GW.lab.Rconfig.com in DB successful (File: /lib/crud/devices.crud.php)
2016-06-30 12:07:14 INFO The /lib/ajaxHandlers/ajaxDownloadNow.php script was run manually invoked with Router ID: 23 
2016-06-30 12:07:37 INFO The /lib/ajaxHandlers/ajaxDownloadNow.php script was run manually invoked with Router ID: 13 
2016-06-30 12:10:32 INFO The /lib/ajaxHandlers/ajaxDownloadNow.php script was run manually invoked with Router ID: 13 
2016-06-30 12:11:24 INFO The /lib/ajaxHandlers/ajaxDownloadNow.php script was run manually invoked with Router ID: 13 
2016-06-30 12:13:26 INFO The /lib/ajaxHandlers/ajaxDownloadNow.php script was run manually invoked with Router ID: 13 
2016-06-30 12:14:11 INFO The /lib/ajaxHandlers/ajaxDownloadNow.php script was run manually invoked with Router ID: 13 
2016-06-30 12:15:08 INFO The /lib/ajaxHandlers/ajaxDownloadNow.php script was run manually invoked with Router ID: 13 
2016-06-30 12:16:00 INFO The /lib/ajaxHandlers/ajaxDownloadNow.php script was run manually invoked with Router ID: 13 
2016-06-30 12:16:48 INFO The /lib/ajaxHandlers/ajaxDownloadNow.php script was run manually invoked with Router ID: 13 
2016-06-30 12:23:29 INFO The /lib/ajaxHandlers/ajaxDownloadNow.php script was run manually invoked with Router ID: 13 
2016-06-30 12:23:36 INFO The /lib/ajaxHandlers/ajaxDownloadNow.php script was run manually invoked with Router ID: 13 
2016-06-30 12:23:49 INFO The /lib/ajaxHandlers/ajaxDownloadNow.php script was run manually invoked with Router ID: 13 
2016-06-30 12:27:07 INFO The /lib/ajaxHandlers/ajaxDownloadNow.php script was run manually invoked with Router ID: 13 
2016-06-30 12:28:01 INFO The /lib/ajaxHandlers/ajaxDownloadNow.php script was run manually invoked with Router ID: 13 
2016-06-30 12:29:26 INFO The /lib/ajaxHandlers/ajaxDownloadNow.php script was run manually invoked with Router ID: 13 
2016-06-30 12:31:08 INFO The /lib/ajaxHandlers/ajaxDownloadNow.php script was run manually invoked with Router ID: 54 
2016-06-30 12:31:46 INFO The /lib/ajaxHandlers/ajaxDownloadNow.php script was run manually invoked with Router ID: 13 
2016-06-30 12:32:42 INFO Success: Deleted Command 169 in DB (File: /lib/crud/commands.crud.php)
2016-06-30 12:32:57 INFO The /lib/ajaxHandlers/ajaxDownloadNow.php script was run manually invoked with Router ID: 13 
2016-06-30 12:34:31 INFO The /lib/ajaxHandlers/ajaxDownloadNow.php script was run manually invoked with Router ID: 24 
2016-06-30 12:35:16 INFO The /home/rconfig/lib/showCmdScript.php script was run from a manual invocation on a shell with Task ID:407499
2016-06-30 12:42:05 INFO Success: Edit device Site1R1.lab.Rconfig.com in DB successful (File: /lib/crud/devices.crud.php)
2016-06-30 12:42:23 INFO The /lib/ajaxHandlers/ajaxDownloadNow.php script was run manually invoked with Router ID: 26 
2016-06-30 12:42:32 INFO Info: rConfig Report - All Routers Download - Daily Email Report sent to :stephen@rconfig.com (stephen&#64;rconfig.com)
2016-06-30 12:42:32 INFO The owner permisions for directory /home/rconfig/data/ were reset to owner apache because script was run interactively
2016-06-30 12:42:48 INFO The /lib/ajaxHandlers/ajaxConfigDevice.php script was run manually invoked with Router ID: 26 & Snippet ID: 12 
2016-06-30 12:43:10 INFO The /lib/ajaxHandlers/ajaxConfigDevice.php script was run manually invoked with Router ID: 26 & Snippet ID: 12 
2016-06-30 12:44:01 INFO The /lib/ajaxHandlers/ajaxConfigDevice.php script was run manually invoked with Router ID: 26 & Snippet ID: 12 
2016-06-30 12:44:47 INFO The /lib/ajaxHandlers/ajaxConfigDevice.php script was run manually invoked with Router ID: 26 & Snippet ID: 12 
2016-06-30 12:46:37 INFO The /lib/ajaxHandlers/ajaxConfigDevice.php script was run manually invoked with Router ID: 26 & Snippet ID: 12 
2016-06-30 12:47:57 INFO The /lib/ajaxHandlers/ajaxConfigDevice.php script was run manually invoked with Router ID: 26 & Snippet ID: 12 
2016-06-30 12:49:41 INFO Success: Edit device Site1R1.lab.Rconfig.com in DB successful (File: /lib/crud/devices.crud.php)
2016-06-30 12:49:49 INFO The /lib/ajaxHandlers/ajaxDownloadNow.php script was run manually invoked with Router ID: 26 
2016-07-03 00:00:01 INFO The /home/rconfig/lib/showCmdScript.php script was run from crontab ID:407499
2016-07-03 00:07:02 INFO Info: rConfig Report - All Routers Download - Daily Email Report sent to :stephen@rconfig.com (stephen&#64;rconfig.com)
2016-07-03 00:07:02 INFO The owner permisions for directory /home/rconfig/data/ were reset to owner apache because script was run interactively
2016-07-04 00:00:01 INFO The /home/rconfig/lib/showCmdScript.php script was run from crontab ID:407499
2016-07-04 00:03:38 INFO Info: rConfig Report - All Routers Download - Daily Email Report sent to :stephen@rconfig.com (stephen&#64;rconfig.com)
2016-07-04 00:03:38 INFO The owner permisions for directory /home/rconfig/data/ were reset to owner apache because script was run interactively
2016-07-05 00:00:01 INFO The /home/rconfig/lib/showCmdScript.php script was run from crontab ID:407499
2016-07-05 00:03:39 INFO Info: rConfig Report - All Routers Download - Daily Email Report sent to :stephen@rconfig.com (stephen&#64;rconfig.com)
2016-07-05 00:03:39 INFO The owner permisions for directory /home/rconfig/data/ were reset to owner apache because script was run interactively
2016-07-06 00:00:01 INFO The /home/rconfig/lib/showCmdScript.php script was run from crontab ID:407499
2016-07-06 00:03:29 INFO Info: rConfig Report - All Routers Download - Daily Email Report sent to :stephen@rconfig.com (stephen&#64;rconfig.com)
2016-07-06 00:03:29 INFO The owner permisions for directory /home/rconfig/data/ were reset to owner apache because script was run interactively
2016-07-07 00:00:01 INFO The /home/rconfig/lib/showCmdScript.php script was run from crontab ID:407499
2016-07-07 00:03:28 INFO Info: rConfig Report - All Routers Download - Daily Email Report sent to :stephen@rconfig.com (stephen&#64;rconfig.com)
2016-07-07 00:03:28 INFO The owner permisions for directory /home/rconfig/data/ were reset to owner apache because script was run interactively
2016-07-08 00:00:01 INFO The /home/rconfig/lib/showCmdScript.php script was run from crontab ID:407499
2016-07-08 00:03:29 INFO Info: rConfig Report - All Routers Download - Daily Email Report sent to :stephen@rconfig.com (stephen&#64;rconfig.com)
2016-07-08 00:03:29 INFO The owner permisions for directory /home/rconfig/data/ were reset to owner apache because script was run interactively
2016-07-09 00:00:01 INFO The /home/rconfig/lib/showCmdScript.php script was run from crontab ID:407499
2016-07-09 00:03:28 INFO Info: rConfig Report - All Routers Download - Daily Email Report sent to :stephen@rconfig.com (stephen&#64;rconfig.com)
2016-07-09 00:03:28 INFO The owner permisions for directory /home/rconfig/data/ were reset to owner apache because script was run interactively
2016-07-10 00:00:01 INFO The /home/rconfig/lib/showCmdScript.php script was run from crontab ID:407499
2016-07-10 00:03:29 INFO Info: rConfig Report - All Routers Download - Daily Email Report sent to :stephen@rconfig.com (stephen&#64;rconfig.com)
2016-07-10 00:03:29 INFO The owner permisions for directory /home/rconfig/data/ were reset to owner apache because script was run interactively
2016-07-11 00:00:01 INFO The /home/rconfig/lib/showCmdScript.php script was run from crontab ID:407499
2016-07-11 00:03:28 INFO Info: rConfig Report - All Routers Download - Daily Email Report sent to :stephen@rconfig.com (stephen&#64;rconfig.com)
2016-07-11 00:03:28 INFO The owner permisions for directory /home/rconfig/data/ were reset to owner apache because script was run interactively
2016-07-12 00:00:01 INFO The /home/rconfig/lib/showCmdScript.php script was run from crontab ID:407499
2016-07-12 00:03:29 INFO Info: rConfig Report - All Routers Download - Daily Email Report sent to :stephen@rconfig.com (stephen&#64;rconfig.com)
2016-07-12 00:03:29 INFO The owner permisions for directory /home/rconfig/data/ were reset to owner apache because script was run interactively
2016-07-13 00:00:01 INFO The /home/rconfig/lib/showCmdScript.php script was run from crontab ID:407499
2016-07-13 00:03:28 INFO Info: rConfig Report - All Routers Download - Daily Email Report sent to :stephen@rconfig.com (stephen&#64;rconfig.com)
2016-07-13 00:03:29 INFO The owner permisions for directory /home/rconfig/data/ were reset to owner apache because script was run interactively
2016-07-14 00:00:01 INFO The /home/rconfig/lib/showCmdScript.php script was run from crontab ID:407499
2016-07-14 00:03:28 INFO Info: rConfig Report - All Routers Download - Daily Email Report sent to :stephen@rconfig.com (stephen&#64;rconfig.com)
2016-07-14 00:03:28 INFO The owner permisions for directory /home/rconfig/data/ were reset to owner apache because script was run interactively
2016-07-15 00:00:01 INFO The /home/rconfig/lib/showCmdScript.php script was run from crontab ID:407499
2016-07-15 00:03:28 INFO Info: rConfig Report - All Routers Download - Daily Email Report sent to :stephen@rconfig.com (stephen&#64;rconfig.com)
2016-07-15 00:03:29 INFO The owner permisions for directory /home/rconfig/data/ were reset to owner apache because script was run interactively
2016-07-16 00:00:01 INFO The /home/rconfig/lib/showCmdScript.php script was run from crontab ID:407499
2016-07-16 00:03:28 INFO Info: rConfig Report - All Routers Download - Daily Email Report sent to :stephen@rconfig.com (stephen&#64;rconfig.com)
2016-07-16 00:03:28 INFO The owner permisions for directory /home/rconfig/data/ were reset to owner apache because script was run interactively
2016-07-17 00:00:01 INFO The /home/rconfig/lib/showCmdScript.php script was run from crontab ID:407499
2016-07-17 00:03:29 INFO Info: rConfig Report - All Routers Download - Daily Email Report sent to :stephen@rconfig.com (stephen&#64;rconfig.com)
2016-07-17 00:03:29 INFO The owner permisions for directory /home/rconfig/data/ were reset to owner apache because script was run interactively
