2016-04-28 15:39:24 WARN Failure: juniper.jpg already exists (File: /lib/crud/vendors.crud.php)
2016-04-28 15:39:56 WARN Failure: juniper.jpg already exists (File: /lib/crud/vendors.crud.php)
2016-04-28 18:18:57 WARN Security Issue: Some tried a Local File Inclusion attempt from IP: 192.168.1.10 (File: /lib/crud/downloadFile.php)
2016-04-28 18:18:57 WARN Security Issue: Some tried a Local File Inclusion attempt from IP: 192.168.1.10 (File: /lib/crud/downloadFile.php)
2016-04-28 18:18:57 WARN Security Issue: Some tried a Local File Inclusion attempt from IP: 192.168.1.10 (File: /lib/crud/downloadFile.php)
2016-04-28 18:18:57 WARN Security Issue: Some tried a Local File Inclusion attempt from IP: 192.168.1.10 (File: /lib/crud/downloadFile.php)
2016-04-28 18:18:57 WARN Security Issue: Some tried a Local File Inclusion attempt from IP: 192.168.1.10 (File: /lib/crud/downloadFile.php)
2016-04-28 18:20:36 WARN Security Issue: Some tried a Local File Inclusion attempt from IP: 192.168.1.10 (File: /lib/crud/downloadFile.php)
2016-04-28 18:22:57 WARN Security Issue: Some tried a Local File Inclusion attempt from IP: 192.168.1.10 (File: /lib/crud/downloadFile.php)
2016-04-28 18:24:52 WARN Security Issue: Some tried a Local File Inclusion attempt from IP: 192.168.1.10& Username: admin (File: /lib/crud/downloadFile.php)
2016-04-28 18:28:49 WARN Security Issue: Some tried a Local File Inclusion attempt from IP: 192.168.1.10& Username: Guest (File: /lib/crud/downloadFile.php)
2016-05-01 10:51:38 WARN Failure: deviceAccessMethodId input is incorrect (File: /lib/crud/devices.crud.php)
2016-05-01 10:53:54 WARN Failure: Device Model cannot be empty (File: /lib/crud/devices.crud.php)
2016-05-01 10:53:54 WARN Failure: Category field did not pass numeric value i.e. catId OR awas empty (File: /lib/crud/devices.crud.php)
2016-05-08 13:52:40 WARN Failure: Category field did not pass numeric value i.e. catId OR awas empty (File: /lib/crud/devices.crud.php)
2016-05-08 14:57:35 WARN Failure: deviceAccessMethodId input is incorrect (File: /lib/crud/devices.crud.php)
2016-05-08 14:57:41 WARN Failure: deviceAccessMethodId input is incorrect (File: /lib/crud/devices.crud.php)
2016-05-08 14:57:51 WARN Failure: deviceAccessMethodId input is incorrect (File: /lib/crud/devices.crud.php)
2016-05-08 14:58:11 WARN Failure: deviceAccessMethodId input is incorrect (File: /lib/crud/devices.crud.php)
2016-05-08 14:59:03 WARN Failure: deviceAccessMethodId input is incorrect (File: /lib/crud/devices.crud.php)
2016-05-08 15:00:45 WARN Failure: deviceAccessMethodId input is incorrect (File: /lib/crud/devices.crud.php)
2016-05-08 15:01:11 WARN Failure: deviceAccessMethodId input is incorrect (File: /lib/crud/devices.crud.php)
2016-05-08 15:03:03 WARN Failure: deviceAccessMethodId input is incorrect (File: /lib/crud/devices.crud.php)
2016-05-08 15:03:24 WARN Failure: deviceAccessMethodId input is incorrect (File: /lib/crud/devices.crud.php)
2016-05-08 15:04:28 WARN Failure: Device Name cannot be empty (File: /lib/crud/devices.crud.php)
2016-05-08 15:04:28 WARN Failure: IP Address cannot be empty (File: /lib/crud/devices.crud.php)
2016-05-08 15:04:28 WARN Failure: Device Prompt cannot be empty (File: /lib/crud/devices.crud.php)
2016-05-08 15:04:28 WARN Failure: Vendor Field cannot be empty (File: /lib/crud/devices.crud.php)
2016-05-08 15:04:28 WARN Failure: Device Model cannot be empty (File: /lib/crud/devices.crud.php)
2016-05-08 15:04:28 WARN Failure: Username field cannot be empty (File: /lib/crud/devices.crud.php)
2016-05-08 15:04:28 WARN Failure: Password field cannot be empty (File: /lib/crud/devices.crud.php)
2016-05-08 15:04:28 WARN Failure: Confirm Password field cannot be empty (File: /lib/crud/devices.crud.php)
2016-05-08 15:04:28 WARN Failure: Category field did not pass numeric value i.e. catId OR awas empty (File: /lib/crud/devices.crud.php)
2016-05-08 15:04:28 WARN Failure: deviceAccessMethodId input is incorrect (File: /lib/crud/devices.crud.php)
2016-05-08 15:05:19 WARN Failure: Device Name cannot be empty (File: /lib/crud/devices.crud.php)
2016-05-08 15:05:19 WARN Failure: IP Address cannot be empty (File: /lib/crud/devices.crud.php)
2016-05-08 15:05:19 WARN Failure: Device Prompt cannot be empty (File: /lib/crud/devices.crud.php)
2016-05-08 15:05:19 WARN Failure: Vendor Field cannot be empty (File: /lib/crud/devices.crud.php)
2016-05-08 15:05:19 WARN Failure: Device Model cannot be empty (File: /lib/crud/devices.crud.php)
2016-05-08 15:05:19 WARN Failure: Username field cannot be empty (File: /lib/crud/devices.crud.php)
2016-05-08 15:05:19 WARN Failure: Password field cannot be empty (File: /lib/crud/devices.crud.php)
2016-05-08 15:05:19 WARN Failure: Confirm Password field cannot be empty (File: /lib/crud/devices.crud.php)
2016-05-08 15:05:19 WARN Failure: Category field did not pass numeric value i.e. catId OR awas empty (File: /lib/crud/devices.crud.php)
2016-05-08 15:05:19 WARN Failure: deviceAccessMethodId input is incorrect (File: /lib/crud/devices.crud.php)
2016-05-08 15:06:00 WARN Failure: Device Name cannot be empty (File: /lib/crud/devices.crud.php)
2016-05-08 15:06:00 WARN Failure: IP Address cannot be empty (File: /lib/crud/devices.crud.php)
2016-05-08 15:06:00 WARN Failure: Device Prompt cannot be empty (File: /lib/crud/devices.crud.php)
2016-05-08 15:06:00 WARN Failure: Vendor Field cannot be empty (File: /lib/crud/devices.crud.php)
2016-05-08 15:06:00 WARN Failure: Device Model cannot be empty (File: /lib/crud/devices.crud.php)
2016-05-08 15:06:00 WARN Failure: Username field cannot be empty (File: /lib/crud/devices.crud.php)
2016-05-08 15:06:00 WARN Failure: Password field cannot be empty (File: /lib/crud/devices.crud.php)
2016-05-08 15:06:00 WARN Failure: Confirm Password field cannot be empty (File: /lib/crud/devices.crud.php)
2016-05-08 15:06:00 WARN Failure: Category field did not pass numeric value i.e. catId OR awas empty (File: /lib/crud/devices.crud.php)
2016-05-08 15:06:00 WARN Failure: deviceAccessMethodId input is incorrect (File: /lib/crud/devices.crud.php)
2016-05-08 15:06:57 WARN Failure: Device Name cannot be empty (File: /lib/crud/devices.crud.php)
2016-05-08 15:06:57 WARN Failure: IP Address cannot be empty (File: /lib/crud/devices.crud.php)
2016-05-08 15:06:57 WARN Failure: Device Prompt cannot be empty (File: /lib/crud/devices.crud.php)
2016-05-08 15:06:57 WARN Failure: Vendor Field cannot be empty (File: /lib/crud/devices.crud.php)
2016-05-08 15:06:57 WARN Failure: Device Model cannot be empty (File: /lib/crud/devices.crud.php)
2016-05-08 15:06:57 WARN Failure: Username field cannot be empty (File: /lib/crud/devices.crud.php)
2016-05-08 15:06:57 WARN Failure: Password field cannot be empty (File: /lib/crud/devices.crud.php)
2016-05-08 15:06:57 WARN Failure: Confirm Password field cannot be empty (File: /lib/crud/devices.crud.php)
2016-05-08 15:06:57 WARN Failure: Category field did not pass numeric value i.e. catId OR awas empty (File: /lib/crud/devices.crud.php)
2016-05-08 15:06:57 WARN Failure: deviceAccessMethodId input is incorrect (File: /lib/crud/devices.crud.php)
2016-05-08 15:07:37 WARN Failure: Device Name cannot be empty (File: /lib/crud/devices.crud.php)
2016-05-08 15:07:37 WARN Failure: IP Address cannot be empty (File: /lib/crud/devices.crud.php)
2016-05-08 15:07:37 WARN Failure: Device Prompt cannot be empty (File: /lib/crud/devices.crud.php)
2016-05-08 15:07:37 WARN Failure: Vendor Field cannot be empty (File: /lib/crud/devices.crud.php)
2016-05-08 15:07:37 WARN Failure: Device Model cannot be empty (File: /lib/crud/devices.crud.php)
2016-05-08 15:07:37 WARN Failure: Username field cannot be empty (File: /lib/crud/devices.crud.php)
2016-05-08 15:07:37 WARN Failure: Password field cannot be empty (File: /lib/crud/devices.crud.php)
2016-05-08 15:07:37 WARN Failure: Confirm Password field cannot be empty (File: /lib/crud/devices.crud.php)
2016-05-08 15:07:37 WARN Failure: Category field did not pass numeric value i.e. catId OR awas empty (File: /lib/crud/devices.crud.php)
2016-05-08 15:07:37 WARN Failure: deviceAccessMethodId input is incorrect (File: /lib/crud/devices.crud.php)
2016-05-08 15:07:43 WARN Failure: Device Name cannot be empty (File: /lib/crud/devices.crud.php)
2016-05-08 15:07:43 WARN Failure: IP Address cannot be empty (File: /lib/crud/devices.crud.php)
2016-05-08 15:07:43 WARN Failure: Device Prompt cannot be empty (File: /lib/crud/devices.crud.php)
2016-05-08 15:07:43 WARN Failure: Vendor Field cannot be empty (File: /lib/crud/devices.crud.php)
2016-05-08 15:07:43 WARN Failure: Device Model cannot be empty (File: /lib/crud/devices.crud.php)
2016-05-08 15:07:43 WARN Failure: Username field cannot be empty (File: /lib/crud/devices.crud.php)
2016-05-08 15:07:43 WARN Failure: Password field cannot be empty (File: /lib/crud/devices.crud.php)
2016-05-08 15:07:43 WARN Failure: Confirm Password field cannot be empty (File: /lib/crud/devices.crud.php)
2016-05-08 15:07:43 WARN Failure: Category field did not pass numeric value i.e. catId OR awas empty (File: /lib/crud/devices.crud.php)
2016-05-08 15:07:43 WARN Failure: deviceAccessMethodId input is incorrect (File: /lib/crud/devices.crud.php)
2016-05-08 15:08:50 WARN Failure: Device Name cannot be empty (File: /lib/crud/devices.crud.php)
2016-05-08 15:08:50 WARN Failure: IP Address cannot be empty (File: /lib/crud/devices.crud.php)
2016-05-08 15:08:50 WARN Failure: Device Prompt cannot be empty (File: /lib/crud/devices.crud.php)
2016-05-08 15:08:50 WARN Failure: Vendor Field cannot be empty (File: /lib/crud/devices.crud.php)
2016-05-08 15:08:50 WARN Failure: Device Model cannot be empty (File: /lib/crud/devices.crud.php)
2016-05-08 15:08:50 WARN Failure: Username field cannot be empty (File: /lib/crud/devices.crud.php)
2016-05-08 15:08:50 WARN Failure: Password field cannot be empty (File: /lib/crud/devices.crud.php)
2016-05-08 15:08:50 WARN Failure: Confirm Password field cannot be empty (File: /lib/crud/devices.crud.php)
2016-05-08 15:08:50 WARN Failure: Category field did not pass numeric value i.e. catId OR awas empty (File: /lib/crud/devices.crud.php)
2016-05-08 15:08:50 WARN Failure: deviceAccessMethodId input is incorrect (File: /lib/crud/devices.crud.php)
2016-05-08 15:09:56 WARN Failure: Device Name cannot be empty (File: /lib/crud/devices.crud.php)
2016-05-08 15:09:56 WARN Failure: IP Address cannot be empty (File: /lib/crud/devices.crud.php)
2016-05-08 15:09:56 WARN Failure: Device Prompt cannot be empty (File: /lib/crud/devices.crud.php)
2016-05-08 15:09:56 WARN Failure: Vendor Field cannot be empty (File: /lib/crud/devices.crud.php)
2016-05-08 15:09:56 WARN Failure: Device Model cannot be empty (File: /lib/crud/devices.crud.php)
2016-05-08 15:09:56 WARN Failure: Username field cannot be empty (File: /lib/crud/devices.crud.php)
2016-05-08 15:09:56 WARN Failure: Password field cannot be empty (File: /lib/crud/devices.crud.php)
2016-05-08 15:09:56 WARN Failure: Confirm Password field cannot be empty (File: /lib/crud/devices.crud.php)
2016-05-08 15:09:56 WARN Failure: Category field did not pass numeric value i.e. catId OR awas empty (File: /lib/crud/devices.crud.php)
2016-05-08 15:09:56 WARN Failure: deviceAccessMethodId input is incorrect (File: /lib/crud/devices.crud.php)
2016-05-08 15:10:56 WARN Failure: Device Name cannot be empty (File: /lib/crud/devices.crud.php)
2016-05-08 15:10:56 WARN Failure: IP Address cannot be empty (File: /lib/crud/devices.crud.php)
2016-05-08 15:10:56 WARN Failure: Device Prompt cannot be empty (File: /lib/crud/devices.crud.php)
2016-05-08 15:10:56 WARN Failure: Vendor Field cannot be empty (File: /lib/crud/devices.crud.php)
2016-05-08 15:10:56 WARN Failure: Device Model cannot be empty (File: /lib/crud/devices.crud.php)
2016-05-08 15:10:56 WARN Failure: Username field cannot be empty (File: /lib/crud/devices.crud.php)
2016-05-08 15:10:56 WARN Failure: Password field cannot be empty (File: /lib/crud/devices.crud.php)
2016-05-08 15:10:56 WARN Failure: Confirm Password field cannot be empty (File: /lib/crud/devices.crud.php)
2016-05-08 15:10:56 WARN Failure: Category field did not pass numeric value i.e. catId OR awas empty (File: /lib/crud/devices.crud.php)
2016-05-08 15:10:56 WARN Failure: deviceAccessMethodId input is incorrect (File: /lib/crud/devices.crud.php)
2016-05-08 15:11:24 WARN Failure: Device Name cannot be empty (File: /lib/crud/devices.crud.php)
2016-05-08 15:11:24 WARN Failure: IP Address cannot be empty (File: /lib/crud/devices.crud.php)
2016-05-08 15:11:24 WARN Failure: Device Prompt cannot be empty (File: /lib/crud/devices.crud.php)
2016-05-08 15:11:24 WARN Failure: Vendor Field cannot be empty (File: /lib/crud/devices.crud.php)
2016-05-08 15:11:24 WARN Failure: Device Model cannot be empty (File: /lib/crud/devices.crud.php)
2016-05-08 15:11:24 WARN Failure: Username field cannot be empty (File: /lib/crud/devices.crud.php)
2016-05-08 15:11:24 WARN Failure: Password field cannot be empty (File: /lib/crud/devices.crud.php)
2016-05-08 15:11:24 WARN Failure: Confirm Password field cannot be empty (File: /lib/crud/devices.crud.php)
2016-05-08 15:11:24 WARN Failure: Category field did not pass numeric value i.e. catId OR awas empty (File: /lib/crud/devices.crud.php)
2016-05-08 15:11:24 WARN Failure: deviceAccessMethodId input is incorrect (File: /lib/crud/devices.crud.php)
2016-05-08 15:12:18 WARN Failure: Device Name cannot be empty (File: /lib/crud/devices.crud.php)
2016-05-08 15:12:18 WARN Failure: IP Address cannot be empty (File: /lib/crud/devices.crud.php)
2016-05-08 15:12:18 WARN Failure: Device Prompt cannot be empty (File: /lib/crud/devices.crud.php)
2016-05-08 15:12:18 WARN Failure: Vendor Field cannot be empty (File: /lib/crud/devices.crud.php)
2016-05-08 15:12:18 WARN Failure: Device Model cannot be empty (File: /lib/crud/devices.crud.php)
2016-05-08 15:12:18 WARN Failure: Username field cannot be empty (File: /lib/crud/devices.crud.php)
2016-05-08 15:12:18 WARN Failure: Password field cannot be empty (File: /lib/crud/devices.crud.php)
2016-05-08 15:12:18 WARN Failure: Confirm Password field cannot be empty (File: /lib/crud/devices.crud.php)
2016-05-08 15:12:18 WARN Failure: Category field did not pass numeric value i.e. catId OR awas empty (File: /lib/crud/devices.crud.php)
2016-05-08 15:12:18 WARN Failure: deviceAccessMethodId input is incorrect (File: /lib/crud/devices.crud.php)
2016-05-08 15:12:28 WARN Failure: Device Name cannot be empty (File: /lib/crud/devices.crud.php)
2016-05-08 15:12:28 WARN Failure: IP Address cannot be empty (File: /lib/crud/devices.crud.php)
2016-05-08 15:12:28 WARN Failure: Device Prompt cannot be empty (File: /lib/crud/devices.crud.php)
2016-05-08 15:12:28 WARN Failure: Vendor Field cannot be empty (File: /lib/crud/devices.crud.php)
2016-05-08 15:12:28 WARN Failure: Device Model cannot be empty (File: /lib/crud/devices.crud.php)
2016-05-08 15:12:28 WARN Failure: Username field cannot be empty (File: /lib/crud/devices.crud.php)
2016-05-08 15:12:28 WARN Failure: Password field cannot be empty (File: /lib/crud/devices.crud.php)
2016-05-08 15:12:28 WARN Failure: Confirm Password field cannot be empty (File: /lib/crud/devices.crud.php)
2016-05-08 15:12:28 WARN Failure: Category field did not pass numeric value i.e. catId OR awas empty (File: /lib/crud/devices.crud.php)
2016-05-08 15:12:28 WARN Failure: deviceAccessMethodId input is incorrect (File: /lib/crud/devices.crud.php)
2016-05-08 15:12:38 WARN Failure: Device Name cannot be empty (File: /lib/crud/devices.crud.php)
2016-05-08 15:12:38 WARN Failure: IP Address cannot be empty (File: /lib/crud/devices.crud.php)
2016-05-08 15:12:38 WARN Failure: Device Prompt cannot be empty (File: /lib/crud/devices.crud.php)
2016-05-08 15:12:38 WARN Failure: Vendor Field cannot be empty (File: /lib/crud/devices.crud.php)
2016-05-08 15:12:38 WARN Failure: Device Model cannot be empty (File: /lib/crud/devices.crud.php)
2016-05-08 15:12:38 WARN Failure: Username field cannot be empty (File: /lib/crud/devices.crud.php)
2016-05-08 15:12:38 WARN Failure: Password field cannot be empty (File: /lib/crud/devices.crud.php)
2016-05-08 15:12:38 WARN Failure: Confirm Password field cannot be empty (File: /lib/crud/devices.crud.php)
2016-05-08 15:12:38 WARN Failure: Category field did not pass numeric value i.e. catId OR awas empty (File: /lib/crud/devices.crud.php)
2016-05-08 15:12:38 WARN Failure: deviceAccessMethodId input is incorrect (File: /lib/crud/devices.crud.php)
2016-05-08 15:13:34 WARN Failure: Device Name cannot be empty (File: /lib/crud/devices.crud.php)
2016-05-08 15:13:34 WARN Failure: IP Address cannot be empty (File: /lib/crud/devices.crud.php)
2016-05-08 15:13:34 WARN Failure: Device Prompt cannot be empty (File: /lib/crud/devices.crud.php)
2016-05-08 15:13:34 WARN Failure: Vendor Field cannot be empty (File: /lib/crud/devices.crud.php)
2016-05-08 15:13:34 WARN Failure: Device Model cannot be empty (File: /lib/crud/devices.crud.php)
2016-05-08 15:13:34 WARN Failure: Username field cannot be empty (File: /lib/crud/devices.crud.php)
2016-05-08 15:13:34 WARN Failure: Password field cannot be empty (File: /lib/crud/devices.crud.php)
2016-05-08 15:13:34 WARN Failure: Confirm Password field cannot be empty (File: /lib/crud/devices.crud.php)
2016-05-08 15:13:34 WARN Failure: Category field did not pass numeric value i.e. catId OR awas empty (File: /lib/crud/devices.crud.php)
2016-05-08 15:13:34 WARN Failure: deviceAccessMethodId input is incorrect (File: /lib/crud/devices.crud.php)
2016-05-08 15:13:45 WARN Failure: Device Name cannot be empty (File: /lib/crud/devices.crud.php)
2016-05-08 15:13:45 WARN Failure: IP Address cannot be empty (File: /lib/crud/devices.crud.php)
2016-05-08 15:13:45 WARN Failure: Device Prompt cannot be empty (File: /lib/crud/devices.crud.php)
2016-05-08 15:13:45 WARN Failure: Vendor Field cannot be empty (File: /lib/crud/devices.crud.php)
2016-05-08 15:13:45 WARN Failure: Device Model cannot be empty (File: /lib/crud/devices.crud.php)
2016-05-08 15:13:45 WARN Failure: Username field cannot be empty (File: /lib/crud/devices.crud.php)
2016-05-08 15:13:45 WARN Failure: Password field cannot be empty (File: /lib/crud/devices.crud.php)
2016-05-08 15:13:45 WARN Failure: Confirm Password field cannot be empty (File: /lib/crud/devices.crud.php)
2016-05-08 15:13:45 WARN Failure: Category field did not pass numeric value i.e. catId OR awas empty (File: /lib/crud/devices.crud.php)
2016-05-08 15:13:45 WARN Failure: deviceAccessMethodId input is incorrect (File: /lib/crud/devices.crud.php)
2016-05-08 15:14:17 WARN Failure: Device Name cannot be empty (File: /lib/crud/devices.crud.php)
2016-05-08 15:14:17 WARN Failure: IP Address cannot be empty (File: /lib/crud/devices.crud.php)
2016-05-08 15:14:17 WARN Failure: Device Prompt cannot be empty (File: /lib/crud/devices.crud.php)
2016-05-08 15:14:17 WARN Failure: Vendor Field cannot be empty (File: /lib/crud/devices.crud.php)
2016-05-08 15:14:17 WARN Failure: Device Model cannot be empty (File: /lib/crud/devices.crud.php)
2016-05-08 15:14:17 WARN Failure: Username field cannot be empty (File: /lib/crud/devices.crud.php)
2016-05-08 15:14:17 WARN Failure: Password field cannot be empty (File: /lib/crud/devices.crud.php)
2016-05-08 15:14:17 WARN Failure: Confirm Password field cannot be empty (File: /lib/crud/devices.crud.php)
2016-05-08 15:14:17 WARN Failure: Category field did not pass numeric value i.e. catId OR awas empty (File: /lib/crud/devices.crud.php)
2016-05-08 15:14:17 WARN Failure: deviceAccessMethodId input is incorrect (File: /lib/crud/devices.crud.php)
2016-05-08 15:14:27 WARN Failure: Device Name cannot be empty (File: /lib/crud/devices.crud.php)
2016-05-08 15:14:27 WARN Failure: IP Address cannot be empty (File: /lib/crud/devices.crud.php)
2016-05-08 15:14:27 WARN Failure: Device Prompt cannot be empty (File: /lib/crud/devices.crud.php)
2016-05-08 15:14:27 WARN Failure: Vendor Field cannot be empty (File: /lib/crud/devices.crud.php)
2016-05-08 15:14:27 WARN Failure: Device Model cannot be empty (File: /lib/crud/devices.crud.php)
2016-05-08 15:14:27 WARN Failure: Username field cannot be empty (File: /lib/crud/devices.crud.php)
2016-05-08 15:14:27 WARN Failure: Password field cannot be empty (File: /lib/crud/devices.crud.php)
2016-05-08 15:14:27 WARN Failure: Confirm Password field cannot be empty (File: /lib/crud/devices.crud.php)
2016-05-08 15:14:27 WARN Failure: Category field did not pass numeric value i.e. catId OR awas empty (File: /lib/crud/devices.crud.php)
2016-05-08 15:14:27 WARN Failure: deviceAccessMethodId input is incorrect (File: /lib/crud/devices.crud.php)
2016-05-08 15:14:47 WARN Failure: Device Name cannot be empty (File: /lib/crud/devices.crud.php)
2016-05-08 15:14:47 WARN Failure: IP Address cannot be empty (File: /lib/crud/devices.crud.php)
2016-05-08 15:14:47 WARN Failure: Device Prompt cannot be empty (File: /lib/crud/devices.crud.php)
2016-05-08 15:14:47 WARN Failure: Vendor Field cannot be empty (File: /lib/crud/devices.crud.php)
2016-05-08 15:14:47 WARN Failure: Device Model cannot be empty (File: /lib/crud/devices.crud.php)
2016-05-08 15:14:47 WARN Failure: Username field cannot be empty (File: /lib/crud/devices.crud.php)
2016-05-08 15:14:47 WARN Failure: Password field cannot be empty (File: /lib/crud/devices.crud.php)
2016-05-08 15:14:47 WARN Failure: Confirm Password field cannot be empty (File: /lib/crud/devices.crud.php)
2016-05-08 15:14:47 WARN Failure: Category field did not pass numeric value i.e. catId OR awas empty (File: /lib/crud/devices.crud.php)
2016-05-08 15:14:47 WARN Failure: deviceAccessMethodId input is incorrect (File: /lib/crud/devices.crud.php)
2016-05-08 15:14:57 WARN Failure: Device Name cannot be empty (File: /lib/crud/devices.crud.php)
2016-05-08 15:14:57 WARN Failure: IP Address cannot be empty (File: /lib/crud/devices.crud.php)
2016-05-08 15:14:57 WARN Failure: Device Prompt cannot be empty (File: /lib/crud/devices.crud.php)
2016-05-08 15:14:57 WARN Failure: Vendor Field cannot be empty (File: /lib/crud/devices.crud.php)
2016-05-08 15:14:57 WARN Failure: Device Model cannot be empty (File: /lib/crud/devices.crud.php)
2016-05-08 15:14:57 WARN Failure: Username field cannot be empty (File: /lib/crud/devices.crud.php)
2016-05-08 15:14:57 WARN Failure: Password field cannot be empty (File: /lib/crud/devices.crud.php)
2016-05-08 15:14:57 WARN Failure: Confirm Password field cannot be empty (File: /lib/crud/devices.crud.php)
2016-05-08 15:14:57 WARN Failure: Category field did not pass numeric value i.e. catId OR awas empty (File: /lib/crud/devices.crud.php)
2016-05-08 15:14:57 WARN Failure: deviceAccessMethodId input is incorrect (File: /lib/crud/devices.crud.php)
2016-05-08 15:15:12 WARN Failure: Device Name cannot be empty (File: /lib/crud/devices.crud.php)
2016-05-08 15:15:12 WARN Failure: IP Address cannot be empty (File: /lib/crud/devices.crud.php)
2016-05-08 15:15:12 WARN Failure: Device Prompt cannot be empty (File: /lib/crud/devices.crud.php)
2016-05-08 15:15:12 WARN Failure: Vendor Field cannot be empty (File: /lib/crud/devices.crud.php)
2016-05-08 15:15:12 WARN Failure: Device Model cannot be empty (File: /lib/crud/devices.crud.php)
2016-05-08 15:15:12 WARN Failure: Username field cannot be empty (File: /lib/crud/devices.crud.php)
2016-05-08 15:15:12 WARN Failure: Password field cannot be empty (File: /lib/crud/devices.crud.php)
2016-05-08 15:15:12 WARN Failure: Confirm Password field cannot be empty (File: /lib/crud/devices.crud.php)
2016-05-08 15:15:12 WARN Failure: Category field did not pass numeric value i.e. catId OR awas empty (File: /lib/crud/devices.crud.php)
2016-05-08 15:15:12 WARN Failure: deviceAccessMethodId input is incorrect (File: /lib/crud/devices.crud.php)
2016-05-08 15:16:02 WARN Failure: Device Name cannot be empty (File: /lib/crud/devices.crud.php)
2016-05-08 15:16:02 WARN Failure: IP Address cannot be empty (File: /lib/crud/devices.crud.php)
2016-05-08 15:16:02 WARN Failure: Device Prompt cannot be empty (File: /lib/crud/devices.crud.php)
2016-05-08 15:16:02 WARN Failure: Vendor Field cannot be empty (File: /lib/crud/devices.crud.php)
2016-05-08 15:16:02 WARN Failure: Device Model cannot be empty (File: /lib/crud/devices.crud.php)
2016-05-08 15:16:02 WARN Failure: Username field cannot be empty (File: /lib/crud/devices.crud.php)
2016-05-08 15:16:02 WARN Failure: Password field cannot be empty (File: /lib/crud/devices.crud.php)
2016-05-08 15:16:02 WARN Failure: Confirm Password field cannot be empty (File: /lib/crud/devices.crud.php)
2016-05-08 15:16:02 WARN Failure: Category field did not pass numeric value i.e. catId OR awas empty (File: /lib/crud/devices.crud.php)
2016-05-08 15:16:02 WARN Failure: deviceAccessMethodId input is incorrect (File: /lib/crud/devices.crud.php)
2016-05-08 15:16:06 WARN Failure: Device Name cannot be empty (File: /lib/crud/devices.crud.php)
2016-05-08 15:16:06 WARN Failure: IP Address cannot be empty (File: /lib/crud/devices.crud.php)
2016-05-08 15:16:06 WARN Failure: Device Prompt cannot be empty (File: /lib/crud/devices.crud.php)
2016-05-08 15:16:06 WARN Failure: Vendor Field cannot be empty (File: /lib/crud/devices.crud.php)
2016-05-08 15:16:06 WARN Failure: Device Model cannot be empty (File: /lib/crud/devices.crud.php)
2016-05-08 15:16:06 WARN Failure: Username field cannot be empty (File: /lib/crud/devices.crud.php)
2016-05-08 15:16:06 WARN Failure: Password field cannot be empty (File: /lib/crud/devices.crud.php)
2016-05-08 15:16:06 WARN Failure: Confirm Password field cannot be empty (File: /lib/crud/devices.crud.php)
2016-05-08 15:16:06 WARN Failure: Category field did not pass numeric value i.e. catId OR awas empty (File: /lib/crud/devices.crud.php)
2016-05-08 15:16:06 WARN Failure: deviceAccessMethodId input is incorrect (File: /lib/crud/devices.crud.php)
2016-05-08 15:16:25 WARN Failure: Device Name cannot be empty (File: /lib/crud/devices.crud.php)
2016-05-08 15:16:25 WARN Failure: IP Address cannot be empty (File: /lib/crud/devices.crud.php)
2016-05-08 15:16:25 WARN Failure: Device Prompt cannot be empty (File: /lib/crud/devices.crud.php)
2016-05-08 15:16:25 WARN Failure: Vendor Field cannot be empty (File: /lib/crud/devices.crud.php)
2016-05-08 15:16:25 WARN Failure: Device Model cannot be empty (File: /lib/crud/devices.crud.php)
2016-05-08 15:16:25 WARN Failure: Username field cannot be empty (File: /lib/crud/devices.crud.php)
2016-05-08 15:16:25 WARN Failure: Password field cannot be empty (File: /lib/crud/devices.crud.php)
2016-05-08 15:16:25 WARN Failure: Confirm Password field cannot be empty (File: /lib/crud/devices.crud.php)
2016-05-08 15:16:25 WARN Failure: Category field did not pass numeric value i.e. catId OR awas empty (File: /lib/crud/devices.crud.php)
2016-05-08 15:16:25 WARN Failure: deviceAccessMethodId input is incorrect (File: /lib/crud/devices.crud.php)
2016-05-08 15:16:54 WARN Failure: Device Name cannot be empty (File: /lib/crud/devices.crud.php)
2016-05-08 15:16:54 WARN Failure: IP Address cannot be empty (File: /lib/crud/devices.crud.php)
2016-05-08 15:16:54 WARN Failure: Device Prompt cannot be empty (File: /lib/crud/devices.crud.php)
2016-05-08 15:16:54 WARN Failure: Vendor Field cannot be empty (File: /lib/crud/devices.crud.php)
2016-05-08 15:16:54 WARN Failure: Device Model cannot be empty (File: /lib/crud/devices.crud.php)
2016-05-08 15:16:54 WARN Failure: Username field cannot be empty (File: /lib/crud/devices.crud.php)
2016-05-08 15:16:54 WARN Failure: Password field cannot be empty (File: /lib/crud/devices.crud.php)
2016-05-08 15:16:54 WARN Failure: Confirm Password field cannot be empty (File: /lib/crud/devices.crud.php)
2016-05-08 15:16:54 WARN Failure: Category field did not pass numeric value i.e. catId OR awas empty (File: /lib/crud/devices.crud.php)
2016-05-08 15:16:54 WARN Failure: deviceAccessMethodId input is incorrect (File: /lib/crud/devices.crud.php)
2016-05-08 15:17:07 WARN Failure: Device Name cannot be empty (File: /lib/crud/devices.crud.php)
2016-05-08 15:17:07 WARN Failure: IP Address cannot be empty (File: /lib/crud/devices.crud.php)
2016-05-08 15:17:07 WARN Failure: Device Prompt cannot be empty (File: /lib/crud/devices.crud.php)
2016-05-08 15:17:07 WARN Failure: Vendor Field cannot be empty (File: /lib/crud/devices.crud.php)
2016-05-08 15:17:07 WARN Failure: Device Model cannot be empty (File: /lib/crud/devices.crud.php)
2016-05-08 15:17:07 WARN Failure: Username field cannot be empty (File: /lib/crud/devices.crud.php)
2016-05-08 15:17:07 WARN Failure: Password field cannot be empty (File: /lib/crud/devices.crud.php)
2016-05-08 15:17:07 WARN Failure: Confirm Password field cannot be empty (File: /lib/crud/devices.crud.php)
2016-05-08 15:17:07 WARN Failure: Category field did not pass numeric value i.e. catId OR awas empty (File: /lib/crud/devices.crud.php)
2016-05-08 15:17:07 WARN Failure: deviceAccessMethodId input is incorrect (File: /lib/crud/devices.crud.php)
2016-05-08 15:17:37 WARN Failure: Device Name cannot be empty (File: /lib/crud/devices.crud.php)
2016-05-08 15:17:37 WARN Failure: IP Address cannot be empty (File: /lib/crud/devices.crud.php)
2016-05-08 15:17:37 WARN Failure: Device Prompt cannot be empty (File: /lib/crud/devices.crud.php)
2016-05-08 15:17:37 WARN Failure: Vendor Field cannot be empty (File: /lib/crud/devices.crud.php)
2016-05-08 15:17:37 WARN Failure: Device Model cannot be empty (File: /lib/crud/devices.crud.php)
2016-05-08 15:17:37 WARN Failure: Username field cannot be empty (File: /lib/crud/devices.crud.php)
2016-05-08 15:17:37 WARN Failure: Password field cannot be empty (File: /lib/crud/devices.crud.php)
2016-05-08 15:17:37 WARN Failure: Confirm Password field cannot be empty (File: /lib/crud/devices.crud.php)
2016-05-08 15:17:37 WARN Failure: Category field did not pass numeric value i.e. catId OR awas empty (File: /lib/crud/devices.crud.php)
2016-05-08 15:17:37 WARN Failure: deviceAccessMethodId input is incorrect (File: /lib/crud/devices.crud.php)
2016-05-08 15:17:51 WARN Failure: Device Name cannot be empty (File: /lib/crud/devices.crud.php)
2016-05-08 15:17:51 WARN Failure: IP Address cannot be empty (File: /lib/crud/devices.crud.php)
2016-05-08 15:17:51 WARN Failure: Device Prompt cannot be empty (File: /lib/crud/devices.crud.php)
2016-05-08 15:17:51 WARN Failure: Vendor Field cannot be empty (File: /lib/crud/devices.crud.php)
2016-05-08 15:17:51 WARN Failure: Device Model cannot be empty (File: /lib/crud/devices.crud.php)
2016-05-08 15:17:51 WARN Failure: Username field cannot be empty (File: /lib/crud/devices.crud.php)
2016-05-08 15:17:51 WARN Failure: Password field cannot be empty (File: /lib/crud/devices.crud.php)
2016-05-08 15:17:51 WARN Failure: Confirm Password field cannot be empty (File: /lib/crud/devices.crud.php)
2016-05-08 15:17:51 WARN Failure: Category field did not pass numeric value i.e. catId OR awas empty (File: /lib/crud/devices.crud.php)
2016-05-08 15:17:51 WARN Failure: deviceAccessMethodId input is incorrect (File: /lib/crud/devices.crud.php)
2016-05-08 15:18:06 WARN Failure: Device Name cannot be empty (File: /lib/crud/devices.crud.php)
2016-05-08 15:18:06 WARN Failure: IP Address cannot be empty (File: /lib/crud/devices.crud.php)
2016-05-08 15:18:06 WARN Failure: Device Prompt cannot be empty (File: /lib/crud/devices.crud.php)
2016-05-08 15:18:06 WARN Failure: Vendor Field cannot be empty (File: /lib/crud/devices.crud.php)
2016-05-08 15:18:06 WARN Failure: Device Model cannot be empty (File: /lib/crud/devices.crud.php)
2016-05-08 15:18:06 WARN Failure: Username field cannot be empty (File: /lib/crud/devices.crud.php)
2016-05-08 15:18:06 WARN Failure: Password field cannot be empty (File: /lib/crud/devices.crud.php)
2016-05-08 15:18:06 WARN Failure: Confirm Password field cannot be empty (File: /lib/crud/devices.crud.php)
2016-05-08 15:18:06 WARN Failure: Category field did not pass numeric value i.e. catId OR awas empty (File: /lib/crud/devices.crud.php)
2016-05-08 15:18:06 WARN Failure: deviceAccessMethodId input is incorrect (File: /lib/crud/devices.crud.php)
2016-05-08 15:19:18 WARN Failure: Device Name cannot be empty (File: /lib/crud/devices.crud.php)
2016-05-08 15:19:18 WARN Failure: IP Address cannot be empty (File: /lib/crud/devices.crud.php)
2016-05-08 15:19:18 WARN Failure: Device Prompt cannot be empty (File: /lib/crud/devices.crud.php)
2016-05-08 15:19:18 WARN Failure: Vendor Field cannot be empty (File: /lib/crud/devices.crud.php)
2016-05-08 15:19:18 WARN Failure: Device Model cannot be empty (File: /lib/crud/devices.crud.php)
2016-05-08 15:19:18 WARN Failure: Username field cannot be empty (File: /lib/crud/devices.crud.php)
2016-05-08 15:19:18 WARN Failure: Password field cannot be empty (File: /lib/crud/devices.crud.php)
2016-05-08 15:19:18 WARN Failure: Confirm Password field cannot be empty (File: /lib/crud/devices.crud.php)
2016-05-08 15:19:18 WARN Failure: Category field did not pass numeric value i.e. catId OR awas empty (File: /lib/crud/devices.crud.php)
2016-05-08 15:19:18 WARN Failure: deviceAccessMethodId input is incorrect (File: /lib/crud/devices.crud.php)
2016-05-08 15:19:59 WARN Failure: Device Name cannot be empty (File: /lib/crud/devices.crud.php)
2016-05-08 15:19:59 WARN Failure: IP Address cannot be empty (File: /lib/crud/devices.crud.php)
2016-05-08 15:19:59 WARN Failure: Device Prompt cannot be empty (File: /lib/crud/devices.crud.php)
2016-05-08 15:19:59 WARN Failure: Vendor Field cannot be empty (File: /lib/crud/devices.crud.php)
2016-05-08 15:19:59 WARN Failure: Device Model cannot be empty (File: /lib/crud/devices.crud.php)
2016-05-08 15:19:59 WARN Failure: Username field cannot be empty (File: /lib/crud/devices.crud.php)
2016-05-08 15:19:59 WARN Failure: Password field cannot be empty (File: /lib/crud/devices.crud.php)
2016-05-08 15:19:59 WARN Failure: Confirm Password field cannot be empty (File: /lib/crud/devices.crud.php)
2016-05-08 15:19:59 WARN Failure: Category field did not pass numeric value i.e. catId OR awas empty (File: /lib/crud/devices.crud.php)
2016-05-08 15:19:59 WARN Failure: deviceAccessMethodId input is incorrect (File: /lib/crud/devices.crud.php)
2016-05-08 15:21:22 WARN Failure: Device Name cannot be empty (File: /lib/crud/devices.crud.php)
2016-05-08 15:21:22 WARN Failure: IP Address cannot be empty (File: /lib/crud/devices.crud.php)
2016-05-08 15:21:22 WARN Failure: Device Prompt cannot be empty (File: /lib/crud/devices.crud.php)
2016-05-08 15:21:22 WARN Failure: Vendor Field cannot be empty (File: /lib/crud/devices.crud.php)
2016-05-08 15:21:22 WARN Failure: Device Model cannot be empty (File: /lib/crud/devices.crud.php)
2016-05-08 15:21:22 WARN Failure: Username field cannot be empty (File: /lib/crud/devices.crud.php)
2016-05-08 15:21:22 WARN Failure: Password field cannot be empty (File: /lib/crud/devices.crud.php)
2016-05-08 15:21:22 WARN Failure: Confirm Password field cannot be empty (File: /lib/crud/devices.crud.php)
2016-05-08 15:21:22 WARN Failure: Category field did not pass numeric value i.e. catId OR awas empty (File: /lib/crud/devices.crud.php)
2016-05-08 15:21:22 WARN Failure: deviceAccessMethodId input is incorrect (File: /lib/crud/devices.crud.php)
2016-05-08 15:23:14 WARN Failure: Device Name cannot be empty (File: /lib/crud/devices.crud.php)
2016-05-08 15:23:14 WARN Failure: IP Address cannot be empty (File: /lib/crud/devices.crud.php)
2016-05-08 15:23:14 WARN Failure: Device Prompt cannot be empty (File: /lib/crud/devices.crud.php)
2016-05-08 15:23:14 WARN Failure: Vendor Field cannot be empty (File: /lib/crud/devices.crud.php)
2016-05-08 15:23:14 WARN Failure: Device Model cannot be empty (File: /lib/crud/devices.crud.php)
2016-05-08 15:23:14 WARN Failure: Username field cannot be empty (File: /lib/crud/devices.crud.php)
2016-05-08 15:23:14 WARN Failure: Password field cannot be empty (File: /lib/crud/devices.crud.php)
2016-05-08 15:23:14 WARN Failure: Confirm Password field cannot be empty (File: /lib/crud/devices.crud.php)
2016-05-08 15:23:14 WARN Failure: Category field did not pass numeric value i.e. catId OR awas empty (File: /lib/crud/devices.crud.php)
2016-05-08 15:23:14 WARN Failure: deviceAccessMethodId input is incorrect (File: /lib/crud/devices.crud.php)
2016-05-08 15:23:42 WARN Failure: Device Name cannot be empty (File: /lib/crud/devices.crud.php)
2016-05-08 15:23:42 WARN Failure: IP Address cannot be empty (File: /lib/crud/devices.crud.php)
2016-05-08 15:23:42 WARN Failure: Device Prompt cannot be empty (File: /lib/crud/devices.crud.php)
2016-05-08 15:23:42 WARN Failure: Vendor Field cannot be empty (File: /lib/crud/devices.crud.php)
2016-05-08 15:23:42 WARN Failure: Device Model cannot be empty (File: /lib/crud/devices.crud.php)
2016-05-08 15:23:42 WARN Failure: Username field cannot be empty (File: /lib/crud/devices.crud.php)
2016-05-08 15:23:42 WARN Failure: Password field cannot be empty (File: /lib/crud/devices.crud.php)
2016-05-08 15:23:42 WARN Failure: Confirm Password field cannot be empty (File: /lib/crud/devices.crud.php)
2016-05-08 15:23:42 WARN Failure: Category field did not pass numeric value i.e. catId OR awas empty (File: /lib/crud/devices.crud.php)
2016-05-08 15:23:42 WARN Failure: deviceAccessMethodId input is incorrect (File: /lib/crud/devices.crud.php)
2016-05-08 15:23:48 WARN Failure: Device Name cannot be empty (File: /lib/crud/devices.crud.php)
2016-05-08 15:23:48 WARN Failure: IP Address cannot be empty (File: /lib/crud/devices.crud.php)
2016-05-08 15:23:48 WARN Failure: Device Prompt cannot be empty (File: /lib/crud/devices.crud.php)
2016-05-08 15:23:48 WARN Failure: Vendor Field cannot be empty (File: /lib/crud/devices.crud.php)
2016-05-08 15:23:48 WARN Failure: Device Model cannot be empty (File: /lib/crud/devices.crud.php)
2016-05-08 15:23:48 WARN Failure: Username field cannot be empty (File: /lib/crud/devices.crud.php)
2016-05-08 15:23:48 WARN Failure: Password field cannot be empty (File: /lib/crud/devices.crud.php)
2016-05-08 15:23:48 WARN Failure: Confirm Password field cannot be empty (File: /lib/crud/devices.crud.php)
2016-05-08 15:23:48 WARN Failure: Category field did not pass numeric value i.e. catId OR awas empty (File: /lib/crud/devices.crud.php)
2016-05-08 15:23:48 WARN Failure: deviceAccessMethodId input is incorrect (File: /lib/crud/devices.crud.php)
2016-05-08 15:23:57 WARN Failure: Device Name cannot be empty (File: /lib/crud/devices.crud.php)
2016-05-08 15:23:57 WARN Failure: IP Address cannot be empty (File: /lib/crud/devices.crud.php)
2016-05-08 15:23:57 WARN Failure: Device Prompt cannot be empty (File: /lib/crud/devices.crud.php)
2016-05-08 15:23:57 WARN Failure: Vendor Field cannot be empty (File: /lib/crud/devices.crud.php)
2016-05-08 15:23:57 WARN Failure: Device Model cannot be empty (File: /lib/crud/devices.crud.php)
2016-05-08 15:23:57 WARN Failure: Username field cannot be empty (File: /lib/crud/devices.crud.php)
2016-05-08 15:23:57 WARN Failure: Password field cannot be empty (File: /lib/crud/devices.crud.php)
2016-05-08 15:23:57 WARN Failure: Confirm Password field cannot be empty (File: /lib/crud/devices.crud.php)
2016-05-08 15:23:57 WARN Failure: Category field did not pass numeric value i.e. catId OR awas empty (File: /lib/crud/devices.crud.php)
2016-05-08 15:23:57 WARN Failure: deviceAccessMethodId input is incorrect (File: /lib/crud/devices.crud.php)
2016-05-08 15:24:31 WARN Failure: Device Name cannot be empty (File: /lib/crud/devices.crud.php)
2016-05-08 15:24:31 WARN Failure: IP Address cannot be empty (File: /lib/crud/devices.crud.php)
2016-05-08 15:24:31 WARN Failure: Device Prompt cannot be empty (File: /lib/crud/devices.crud.php)
2016-05-08 15:24:31 WARN Failure: Vendor Field cannot be empty (File: /lib/crud/devices.crud.php)
2016-05-08 15:24:31 WARN Failure: Device Model cannot be empty (File: /lib/crud/devices.crud.php)
2016-05-08 15:24:31 WARN Failure: Username field cannot be empty (File: /lib/crud/devices.crud.php)
2016-05-08 15:24:31 WARN Failure: Password field cannot be empty (File: /lib/crud/devices.crud.php)
2016-05-08 15:24:31 WARN Failure: Confirm Password field cannot be empty (File: /lib/crud/devices.crud.php)
2016-05-08 15:24:31 WARN Failure: Category field did not pass numeric value i.e. catId OR awas empty (File: /lib/crud/devices.crud.php)
2016-05-08 15:24:31 WARN Failure: deviceAccessMethodId input is incorrect (File: /lib/crud/devices.crud.php)
2016-05-08 15:24:33 WARN Failure: Device Name cannot be empty (File: /lib/crud/devices.crud.php)
2016-05-08 15:24:33 WARN Failure: IP Address cannot be empty (File: /lib/crud/devices.crud.php)
2016-05-08 15:24:33 WARN Failure: Device Prompt cannot be empty (File: /lib/crud/devices.crud.php)
2016-05-08 15:24:33 WARN Failure: Vendor Field cannot be empty (File: /lib/crud/devices.crud.php)
2016-05-08 15:24:33 WARN Failure: Device Model cannot be empty (File: /lib/crud/devices.crud.php)
2016-05-08 15:24:33 WARN Failure: Username field cannot be empty (File: /lib/crud/devices.crud.php)
2016-05-08 15:24:33 WARN Failure: Password field cannot be empty (File: /lib/crud/devices.crud.php)
2016-05-08 15:24:33 WARN Failure: Confirm Password field cannot be empty (File: /lib/crud/devices.crud.php)
2016-05-08 15:24:33 WARN Failure: Category field did not pass numeric value i.e. catId OR awas empty (File: /lib/crud/devices.crud.php)
2016-05-08 15:24:33 WARN Failure: deviceAccessMethodId input is incorrect (File: /lib/crud/devices.crud.php)
2016-05-08 15:24:52 WARN Failure: Device Name cannot be empty (File: /lib/crud/devices.crud.php)
2016-05-08 15:24:52 WARN Failure: IP Address cannot be empty (File: /lib/crud/devices.crud.php)
2016-05-08 15:24:52 WARN Failure: Device Prompt cannot be empty (File: /lib/crud/devices.crud.php)
2016-05-08 15:24:52 WARN Failure: Vendor Field cannot be empty (File: /lib/crud/devices.crud.php)
2016-05-08 15:24:52 WARN Failure: Device Model cannot be empty (File: /lib/crud/devices.crud.php)
2016-05-08 15:24:52 WARN Failure: Username field cannot be empty (File: /lib/crud/devices.crud.php)
2016-05-08 15:24:52 WARN Failure: Password field cannot be empty (File: /lib/crud/devices.crud.php)
2016-05-08 15:24:52 WARN Failure: Confirm Password field cannot be empty (File: /lib/crud/devices.crud.php)
2016-05-08 15:24:52 WARN Failure: Category field did not pass numeric value i.e. catId OR awas empty (File: /lib/crud/devices.crud.php)
2016-05-08 15:24:52 WARN Failure: deviceAccessMethodId input is incorrect (File: /lib/crud/devices.crud.php)
2016-05-08 15:25:05 WARN Failure: Device Name cannot be empty (File: /lib/crud/devices.crud.php)
2016-05-08 15:25:05 WARN Failure: IP Address cannot be empty (File: /lib/crud/devices.crud.php)
2016-05-08 15:25:05 WARN Failure: Device Prompt cannot be empty (File: /lib/crud/devices.crud.php)
2016-05-08 15:25:05 WARN Failure: Vendor Field cannot be empty (File: /lib/crud/devices.crud.php)
2016-05-08 15:25:05 WARN Failure: Device Model cannot be empty (File: /lib/crud/devices.crud.php)
2016-05-08 15:25:05 WARN Failure: Username field cannot be empty (File: /lib/crud/devices.crud.php)
2016-05-08 15:25:05 WARN Failure: Password field cannot be empty (File: /lib/crud/devices.crud.php)
2016-05-08 15:25:05 WARN Failure: Confirm Password field cannot be empty (File: /lib/crud/devices.crud.php)
2016-05-08 15:25:05 WARN Failure: Category field did not pass numeric value i.e. catId OR awas empty (File: /lib/crud/devices.crud.php)
2016-05-08 15:25:05 WARN Failure: deviceAccessMethodId input is incorrect (File: /lib/crud/devices.crud.php)
2016-05-08 15:25:08 WARN Failure: Device Name cannot be empty (File: /lib/crud/devices.crud.php)
2016-05-08 15:25:08 WARN Failure: IP Address cannot be empty (File: /lib/crud/devices.crud.php)
2016-05-08 15:25:08 WARN Failure: Device Prompt cannot be empty (File: /lib/crud/devices.crud.php)
2016-05-08 15:25:08 WARN Failure: Vendor Field cannot be empty (File: /lib/crud/devices.crud.php)
2016-05-08 15:25:08 WARN Failure: Device Model cannot be empty (File: /lib/crud/devices.crud.php)
2016-05-08 15:25:08 WARN Failure: Username field cannot be empty (File: /lib/crud/devices.crud.php)
2016-05-08 15:25:08 WARN Failure: Password field cannot be empty (File: /lib/crud/devices.crud.php)
2016-05-08 15:25:08 WARN Failure: Confirm Password field cannot be empty (File: /lib/crud/devices.crud.php)
2016-05-08 15:25:08 WARN Failure: Category field did not pass numeric value i.e. catId OR awas empty (File: /lib/crud/devices.crud.php)
2016-05-08 15:25:08 WARN Failure: deviceAccessMethodId input is incorrect (File: /lib/crud/devices.crud.php)
2016-05-08 15:25:13 WARN Failure: Device Name cannot be empty (File: /lib/crud/devices.crud.php)
2016-05-08 15:25:13 WARN Failure: IP Address cannot be empty (File: /lib/crud/devices.crud.php)
2016-05-08 15:25:13 WARN Failure: Device Prompt cannot be empty (File: /lib/crud/devices.crud.php)
2016-05-08 15:25:13 WARN Failure: Vendor Field cannot be empty (File: /lib/crud/devices.crud.php)
2016-05-08 15:25:13 WARN Failure: Device Model cannot be empty (File: /lib/crud/devices.crud.php)
2016-05-08 15:25:13 WARN Failure: Username field cannot be empty (File: /lib/crud/devices.crud.php)
2016-05-08 15:25:13 WARN Failure: Password field cannot be empty (File: /lib/crud/devices.crud.php)
2016-05-08 15:25:13 WARN Failure: Confirm Password field cannot be empty (File: /lib/crud/devices.crud.php)
2016-05-08 15:25:13 WARN Failure: Category field did not pass numeric value i.e. catId OR awas empty (File: /lib/crud/devices.crud.php)
2016-05-08 15:25:13 WARN Failure: deviceAccessMethodId input is incorrect (File: /lib/crud/devices.crud.php)
2016-05-08 15:25:15 WARN Failure: Device Name cannot be empty (File: /lib/crud/devices.crud.php)
2016-05-08 15:25:15 WARN Failure: IP Address cannot be empty (File: /lib/crud/devices.crud.php)
2016-05-08 15:25:15 WARN Failure: Device Prompt cannot be empty (File: /lib/crud/devices.crud.php)
2016-05-08 15:25:15 WARN Failure: Vendor Field cannot be empty (File: /lib/crud/devices.crud.php)
2016-05-08 15:25:15 WARN Failure: Device Model cannot be empty (File: /lib/crud/devices.crud.php)
2016-05-08 15:25:15 WARN Failure: Username field cannot be empty (File: /lib/crud/devices.crud.php)
2016-05-08 15:25:15 WARN Failure: Password field cannot be empty (File: /lib/crud/devices.crud.php)
2016-05-08 15:25:15 WARN Failure: Confirm Password field cannot be empty (File: /lib/crud/devices.crud.php)
2016-05-08 15:25:15 WARN Failure: Category field did not pass numeric value i.e. catId OR awas empty (File: /lib/crud/devices.crud.php)
2016-05-08 15:25:15 WARN Failure: deviceAccessMethodId input is incorrect (File: /lib/crud/devices.crud.php)
2016-05-08 15:25:42 WARN Failure: Device Name cannot be empty (File: /lib/crud/devices.crud.php)
2016-05-08 15:25:42 WARN Failure: IP Address cannot be empty (File: /lib/crud/devices.crud.php)
2016-05-08 15:25:42 WARN Failure: Device Prompt cannot be empty (File: /lib/crud/devices.crud.php)
2016-05-08 15:25:42 WARN Failure: Vendor Field cannot be empty (File: /lib/crud/devices.crud.php)
2016-05-08 15:25:42 WARN Failure: Device Model cannot be empty (File: /lib/crud/devices.crud.php)
2016-05-08 15:25:42 WARN Failure: Username field cannot be empty (File: /lib/crud/devices.crud.php)
2016-05-08 15:25:42 WARN Failure: Password field cannot be empty (File: /lib/crud/devices.crud.php)
2016-05-08 15:25:42 WARN Failure: Confirm Password field cannot be empty (File: /lib/crud/devices.crud.php)
2016-05-08 15:25:42 WARN Failure: Category field did not pass numeric value i.e. catId OR awas empty (File: /lib/crud/devices.crud.php)
2016-05-08 15:25:42 WARN Failure: deviceAccessMethodId input is incorrect (File: /lib/crud/devices.crud.php)
2016-05-08 15:26:03 WARN Failure: Device Name cannot be empty (File: /lib/crud/devices.crud.php)
2016-05-08 15:26:03 WARN Failure: IP Address cannot be empty (File: /lib/crud/devices.crud.php)
2016-05-08 15:26:03 WARN Failure: Device Prompt cannot be empty (File: /lib/crud/devices.crud.php)
2016-05-08 15:26:03 WARN Failure: Vendor Field cannot be empty (File: /lib/crud/devices.crud.php)
2016-05-08 15:26:03 WARN Failure: Device Model cannot be empty (File: /lib/crud/devices.crud.php)
2016-05-08 15:26:03 WARN Failure: Username field cannot be empty (File: /lib/crud/devices.crud.php)
2016-05-08 15:26:03 WARN Failure: Password field cannot be empty (File: /lib/crud/devices.crud.php)
2016-05-08 15:26:03 WARN Failure: Confirm Password field cannot be empty (File: /lib/crud/devices.crud.php)
2016-05-08 15:26:03 WARN Failure: Category field did not pass numeric value i.e. catId OR awas empty (File: /lib/crud/devices.crud.php)
2016-05-08 15:26:03 WARN Failure: deviceAccessMethodId input is incorrect (File: /lib/crud/devices.crud.php)
2016-05-08 15:26:09 WARN Failure: Device Name cannot be empty (File: /lib/crud/devices.crud.php)
2016-05-08 15:26:09 WARN Failure: IP Address cannot be empty (File: /lib/crud/devices.crud.php)
2016-05-08 15:26:09 WARN Failure: Device Prompt cannot be empty (File: /lib/crud/devices.crud.php)
2016-05-08 15:26:09 WARN Failure: Vendor Field cannot be empty (File: /lib/crud/devices.crud.php)
2016-05-08 15:26:09 WARN Failure: Device Model cannot be empty (File: /lib/crud/devices.crud.php)
2016-05-08 15:26:09 WARN Failure: Username field cannot be empty (File: /lib/crud/devices.crud.php)
2016-05-08 15:26:09 WARN Failure: Password field cannot be empty (File: /lib/crud/devices.crud.php)
2016-05-08 15:26:09 WARN Failure: Confirm Password field cannot be empty (File: /lib/crud/devices.crud.php)
2016-05-08 15:26:09 WARN Failure: Category field did not pass numeric value i.e. catId OR awas empty (File: /lib/crud/devices.crud.php)
2016-05-08 15:26:09 WARN Failure: deviceAccessMethodId input is incorrect (File: /lib/crud/devices.crud.php)
2016-05-08 15:26:12 WARN Failure: Device Name cannot be empty (File: /lib/crud/devices.crud.php)
2016-05-08 15:26:12 WARN Failure: IP Address cannot be empty (File: /lib/crud/devices.crud.php)
2016-05-08 15:26:12 WARN Failure: Device Prompt cannot be empty (File: /lib/crud/devices.crud.php)
2016-05-08 15:26:12 WARN Failure: Vendor Field cannot be empty (File: /lib/crud/devices.crud.php)
2016-05-08 15:26:12 WARN Failure: Device Model cannot be empty (File: /lib/crud/devices.crud.php)
2016-05-08 15:26:12 WARN Failure: Username field cannot be empty (File: /lib/crud/devices.crud.php)
2016-05-08 15:26:12 WARN Failure: Password field cannot be empty (File: /lib/crud/devices.crud.php)
2016-05-08 15:26:12 WARN Failure: Confirm Password field cannot be empty (File: /lib/crud/devices.crud.php)
2016-05-08 15:26:12 WARN Failure: Category field did not pass numeric value i.e. catId OR awas empty (File: /lib/crud/devices.crud.php)
2016-05-08 15:26:12 WARN Failure: deviceAccessMethodId input is incorrect (File: /lib/crud/devices.crud.php)
2016-05-08 15:26:18 WARN Failure: Device Name cannot be empty (File: /lib/crud/devices.crud.php)
2016-05-08 15:26:18 WARN Failure: IP Address cannot be empty (File: /lib/crud/devices.crud.php)
2016-05-08 15:26:18 WARN Failure: Device Prompt cannot be empty (File: /lib/crud/devices.crud.php)
2016-05-08 15:26:18 WARN Failure: Vendor Field cannot be empty (File: /lib/crud/devices.crud.php)
2016-05-08 15:26:18 WARN Failure: Device Model cannot be empty (File: /lib/crud/devices.crud.php)
2016-05-08 15:26:18 WARN Failure: Username field cannot be empty (File: /lib/crud/devices.crud.php)
2016-05-08 15:26:18 WARN Failure: Password field cannot be empty (File: /lib/crud/devices.crud.php)
2016-05-08 15:26:18 WARN Failure: Confirm Password field cannot be empty (File: /lib/crud/devices.crud.php)
2016-05-08 15:26:18 WARN Failure: Category field did not pass numeric value i.e. catId OR awas empty (File: /lib/crud/devices.crud.php)
2016-05-08 15:26:18 WARN Failure: deviceAccessMethodId input is incorrect (File: /lib/crud/devices.crud.php)
2016-05-08 15:26:27 WARN Failure: Device Name cannot be empty (File: /lib/crud/devices.crud.php)
2016-05-08 15:26:27 WARN Failure: IP Address cannot be empty (File: /lib/crud/devices.crud.php)
2016-05-08 15:26:27 WARN Failure: Device Prompt cannot be empty (File: /lib/crud/devices.crud.php)
2016-05-08 15:26:27 WARN Failure: Vendor Field cannot be empty (File: /lib/crud/devices.crud.php)
2016-05-08 15:26:27 WARN Failure: Device Model cannot be empty (File: /lib/crud/devices.crud.php)
2016-05-08 15:26:27 WARN Failure: Username field cannot be empty (File: /lib/crud/devices.crud.php)
2016-05-08 15:26:27 WARN Failure: Password field cannot be empty (File: /lib/crud/devices.crud.php)
2016-05-08 15:26:27 WARN Failure: Confirm Password field cannot be empty (File: /lib/crud/devices.crud.php)
2016-05-08 15:26:27 WARN Failure: Category field did not pass numeric value i.e. catId OR awas empty (File: /lib/crud/devices.crud.php)
2016-05-08 15:26:27 WARN Failure: deviceAccessMethodId input is incorrect (File: /lib/crud/devices.crud.php)
2016-05-08 15:26:34 WARN Failure: Device Name cannot be empty (File: /lib/crud/devices.crud.php)
2016-05-08 15:26:34 WARN Failure: IP Address cannot be empty (File: /lib/crud/devices.crud.php)
2016-05-08 15:26:34 WARN Failure: Device Prompt cannot be empty (File: /lib/crud/devices.crud.php)
2016-05-08 15:26:34 WARN Failure: Vendor Field cannot be empty (File: /lib/crud/devices.crud.php)
2016-05-08 15:26:34 WARN Failure: Device Model cannot be empty (File: /lib/crud/devices.crud.php)
2016-05-08 15:26:34 WARN Failure: Username field cannot be empty (File: /lib/crud/devices.crud.php)
2016-05-08 15:26:34 WARN Failure: Password field cannot be empty (File: /lib/crud/devices.crud.php)
2016-05-08 15:26:34 WARN Failure: Confirm Password field cannot be empty (File: /lib/crud/devices.crud.php)
2016-05-08 15:26:34 WARN Failure: Category field did not pass numeric value i.e. catId OR awas empty (File: /lib/crud/devices.crud.php)
2016-05-08 15:26:34 WARN Failure: deviceAccessMethodId input is incorrect (File: /lib/crud/devices.crud.php)
2016-05-08 15:27:50 WARN Failure: Device Name cannot be empty (File: /lib/crud/devices.crud.php)
2016-05-08 15:27:50 WARN Failure: IP Address cannot be empty (File: /lib/crud/devices.crud.php)
2016-05-08 15:27:50 WARN Failure: Device Prompt cannot be empty (File: /lib/crud/devices.crud.php)
2016-05-08 15:27:50 WARN Failure: Vendor Field cannot be empty (File: /lib/crud/devices.crud.php)
2016-05-08 15:27:50 WARN Failure: Device Model cannot be empty (File: /lib/crud/devices.crud.php)
2016-05-08 15:27:50 WARN Failure: Username field cannot be empty (File: /lib/crud/devices.crud.php)
2016-05-08 15:27:50 WARN Failure: Password field cannot be empty (File: /lib/crud/devices.crud.php)
2016-05-08 15:27:50 WARN Failure: Confirm Password field cannot be empty (File: /lib/crud/devices.crud.php)
2016-05-08 15:27:50 WARN Failure: Category field did not pass numeric value i.e. catId OR awas empty (File: /lib/crud/devices.crud.php)
2016-05-08 15:27:50 WARN Failure: deviceAccessMethodId input is incorrect (File: /lib/crud/devices.crud.php)
2016-05-08 15:27:53 WARN Failure: Device Name cannot be empty (File: /lib/crud/devices.crud.php)
2016-05-08 15:27:53 WARN Failure: IP Address cannot be empty (File: /lib/crud/devices.crud.php)
2016-05-08 15:27:53 WARN Failure: Device Prompt cannot be empty (File: /lib/crud/devices.crud.php)
2016-05-08 15:27:53 WARN Failure: Vendor Field cannot be empty (File: /lib/crud/devices.crud.php)
2016-05-08 15:27:53 WARN Failure: Device Model cannot be empty (File: /lib/crud/devices.crud.php)
2016-05-08 15:27:53 WARN Failure: Username field cannot be empty (File: /lib/crud/devices.crud.php)
2016-05-08 15:27:53 WARN Failure: Password field cannot be empty (File: /lib/crud/devices.crud.php)
2016-05-08 15:27:53 WARN Failure: Confirm Password field cannot be empty (File: /lib/crud/devices.crud.php)
2016-05-08 15:27:53 WARN Failure: Category field did not pass numeric value i.e. catId OR awas empty (File: /lib/crud/devices.crud.php)
2016-05-08 15:27:53 WARN Failure: deviceAccessMethodId input is incorrect (File: /lib/crud/devices.crud.php)
2016-05-08 15:28:29 WARN Failure: Device Name cannot be empty (File: /lib/crud/devices.crud.php)
2016-05-08 15:28:29 WARN Failure: IP Address cannot be empty (File: /lib/crud/devices.crud.php)
2016-05-08 15:28:29 WARN Failure: Device Prompt cannot be empty (File: /lib/crud/devices.crud.php)
2016-05-08 15:28:29 WARN Failure: Vendor Field cannot be empty (File: /lib/crud/devices.crud.php)
2016-05-08 15:28:29 WARN Failure: Device Model cannot be empty (File: /lib/crud/devices.crud.php)
2016-05-08 15:28:29 WARN Failure: Username field cannot be empty (File: /lib/crud/devices.crud.php)
2016-05-08 15:28:29 WARN Failure: Password field cannot be empty (File: /lib/crud/devices.crud.php)
2016-05-08 15:28:29 WARN Failure: Confirm Password field cannot be empty (File: /lib/crud/devices.crud.php)
2016-05-08 15:28:29 WARN Failure: Category field did not pass numeric value i.e. catId OR awas empty (File: /lib/crud/devices.crud.php)
2016-05-08 15:28:29 WARN Failure: deviceAccessMethodId input is incorrect (File: /lib/crud/devices.crud.php)
2016-05-08 15:28:49 WARN Failure: Device Name cannot be empty (File: /lib/crud/devices.crud.php)
2016-05-08 15:28:49 WARN Failure: IP Address cannot be empty (File: /lib/crud/devices.crud.php)
2016-05-08 15:28:49 WARN Failure: Device Prompt cannot be empty (File: /lib/crud/devices.crud.php)
2016-05-08 15:28:49 WARN Failure: Vendor Field cannot be empty (File: /lib/crud/devices.crud.php)
2016-05-08 15:28:49 WARN Failure: Device Model cannot be empty (File: /lib/crud/devices.crud.php)
2016-05-08 15:28:49 WARN Failure: Username field cannot be empty (File: /lib/crud/devices.crud.php)
2016-05-08 15:28:49 WARN Failure: Password field cannot be empty (File: /lib/crud/devices.crud.php)
2016-05-08 15:28:49 WARN Failure: Confirm Password field cannot be empty (File: /lib/crud/devices.crud.php)
2016-05-08 15:28:49 WARN Failure: Category field did not pass numeric value i.e. catId OR awas empty (File: /lib/crud/devices.crud.php)
2016-05-08 15:28:49 WARN Failure: deviceAccessMethodId input is incorrect (File: /lib/crud/devices.crud.php)
2016-05-08 15:29:48 WARN Failure: deviceAccessMethodId input is incorrect (File: /lib/crud/devices.crud.php)
